D:\Project\Angular2MVC\movementcrm\Angular2MVC\app\app.component.js
D:\Project\Angular2MVC\movementcrm\Angular2MVC\app\app.component.js.map
D:\Project\Angular2MVC\movementcrm\Angular2MVC\app\Service\user.service.js
D:\Project\Angular2MVC\movementcrm\Angular2MVC\app\Service\user.service.js.map
D:\Project\Angular2MVC\movementcrm\Angular2MVC\app\Model\user.js
D:\Project\Angular2MVC\movementcrm\Angular2MVC\app\Model\user.js.map
D:\Project\Angular2MVC\movementcrm\Angular2MVC\app\Shared\enum.js
D:\Project\Angular2MVC\movementcrm\Angular2MVC\app\Shared\enum.js.map
D:\Project\Angular2MVC\movementcrm\Angular2MVC\app\Shared\global.js
D:\Project\Angular2MVC\movementcrm\Angular2MVC\app\Shared\global.js.map
D:\Project\Angular2MVC\movementcrm\Angular2MVC\app\components\user.component.js
D:\Project\Angular2MVC\movementcrm\Angular2MVC\app\components\user.component.js.map
D:\Project\Angular2MVC\movementcrm\Angular2MVC\app\components\home.component.js
D:\Project\Angular2MVC\movementcrm\Angular2MVC\app\components\home.component.js.map
D:\Project\Angular2MVC\movementcrm\Angular2MVC\app\Service\login.service.js
D:\Project\Angular2MVC\movementcrm\Angular2MVC\app\Service\login.service.js.map
D:\Project\Angular2MVC\movementcrm\Angular2MVC\app\components\login.component.js
D:\Project\Angular2MVC\movementcrm\Angular2MVC\app\components\login.component.js.map
D:\Project\Angular2MVC\movementcrm\Angular2MVC\app\app.routing.js
D:\Project\Angular2MVC\movementcrm\Angular2MVC\app\app.routing.js.map
D:\Project\Angular2MVC\movementcrm\Angular2MVC\app\app.module.js
D:\Project\Angular2MVC\movementcrm\Angular2MVC\app\app.module.js.map
D:\Project\Angular2MVC\movementcrm\Angular2MVC\app\main.js
D:\Project\Angular2MVC\movementcrm\Angular2MVC\app\main.js.map
D:\Project\Angular2MVC\movementcrm\Angular2MVC\app\Service\register.service.js
D:\Project\Angular2MVC\movementcrm\Angular2MVC\app\Service\register.service.js.map
D:\Project\Angular2MVC\movementcrm\Angular2MVC\app\Components\register.component.js
D:\Project\Angular2MVC\movementcrm\Angular2MVC\app\Components\register.component.js.map
D:\Project\Angular2MVC\movementcrm\Angular2MVC\app\app.component.js
D:\Project\Angular2MVC\movementcrm\Angular2MVC\app\app.component.js.map
D:\Project\Angular2MVC\movementcrm\Angular2MVC\app\Service\user.service.js
D:\Project\Angular2MVC\movementcrm\Angular2MVC\app\Service\user.service.js.map
D:\Project\Angular2MVC\movementcrm\Angular2MVC\app\Model\user.js
D:\Project\Angular2MVC\movementcrm\Angular2MVC\app\Model\user.js.map
D:\Project\Angular2MVC\movementcrm\Angular2MVC\app\Shared\enum.js
D:\Project\Angular2MVC\movementcrm\Angular2MVC\app\Shared\enum.js.map
D:\Project\Angular2MVC\movementcrm\Angular2MVC\app\Shared\global.js
D:\Project\Angular2MVC\movementcrm\Angular2MVC\app\Shared\global.js.map
D:\Project\Angular2MVC\movementcrm\Angular2MVC\app\components\user.component.js
D:\Project\Angular2MVC\movementcrm\Angular2MVC\app\components\user.component.js.map
D:\Project\Angular2MVC\movementcrm\Angular2MVC\app\components\home.component.js
D:\Project\Angular2MVC\movementcrm\Angular2MVC\app\components\home.component.js.map
D:\Project\Angular2MVC\movementcrm\Angular2MVC\app\Service\login.service.js
D:\Project\Angular2MVC\movementcrm\Angular2MVC\app\Service\login.service.js.map
D:\Project\Angular2MVC\movementcrm\Angular2MVC\app\components\login.component.js
D:\Project\Angular2MVC\movementcrm\Angular2MVC\app\components\login.component.js.map
D:\Project\Angular2MVC\movementcrm\Angular2MVC\app\Service\register.service.js
D:\Project\Angular2MVC\movementcrm\Angular2MVC\app\Service\register.service.js.map
D:\Project\Angular2MVC\movementcrm\Angular2MVC\app\components\register.component.js
D:\Project\Angular2MVC\movementcrm\Angular2MVC\app\components\register.component.js.map
D:\Project\Angular2MVC\movementcrm\Angular2MVC\app\app.routing.js
D:\Project\Angular2MVC\movementcrm\Angular2MVC\app\app.routing.js.map
D:\Project\Angular2MVC\movementcrm\Angular2MVC\app\app.module.js
D:\Project\Angular2MVC\movementcrm\Angular2MVC\app\app.module.js.map
D:\Project\Angular2MVC\movementcrm\Angular2MVC\app\main.js
D:\Project\Angular2MVC\movementcrm\Angular2MVC\app\main.js.map
D:\Project\Angular2MVC\movementcrm\Angular2MVC\app\app.component.js
D:\Project\Angular2MVC\movementcrm\Angular2MVC\app\app.component.js.map
D:\Project\Angular2MVC\movementcrm\Angular2MVC\app\Service\user.service.js
D:\Project\Angular2MVC\movementcrm\Angular2MVC\app\Service\user.service.js.map
D:\Project\Angular2MVC\movementcrm\Angular2MVC\app\Model\user.js
D:\Project\Angular2MVC\movementcrm\Angular2MVC\app\Model\user.js.map
D:\Project\Angular2MVC\movementcrm\Angular2MVC\app\Shared\enum.js
D:\Project\Angular2MVC\movementcrm\Angular2MVC\app\Shared\enum.js.map
D:\Project\Angular2MVC\movementcrm\Angular2MVC\app\Shared\global.js
D:\Project\Angular2MVC\movementcrm\Angular2MVC\app\Shared\global.js.map
D:\Project\Angular2MVC\movementcrm\Angular2MVC\app\components\user.component.js
D:\Project\Angular2MVC\movementcrm\Angular2MVC\app\components\user.component.js.map
D:\Project\Angular2MVC\movementcrm\Angular2MVC\app\components\home.component.js
D:\Project\Angular2MVC\movementcrm\Angular2MVC\app\components\home.component.js.map
D:\Project\Angular2MVC\movementcrm\Angular2MVC\app\Service\login.service.js
D:\Project\Angular2MVC\movementcrm\Angular2MVC\app\Service\login.service.js.map
D:\Project\Angular2MVC\movementcrm\Angular2MVC\app\components\login.component.js
D:\Project\Angular2MVC\movementcrm\Angular2MVC\app\components\login.component.js.map
D:\Project\Angular2MVC\movementcrm\Angular2MVC\app\Service\register.service.js
D:\Project\Angular2MVC\movementcrm\Angular2MVC\app\Service\register.service.js.map
D:\Project\Angular2MVC\movementcrm\Angular2MVC\app\components\register.component.js
D:\Project\Angular2MVC\movementcrm\Angular2MVC\app\components\register.component.js.map
D:\Project\Angular2MVC\movementcrm\Angular2MVC\app\app.routing.js
D:\Project\Angular2MVC\movementcrm\Angular2MVC\app\app.routing.js.map
D:\Project\Angular2MVC\movementcrm\Angular2MVC\app\app.module.js
D:\Project\Angular2MVC\movementcrm\Angular2MVC\app\app.module.js.map
D:\Project\Angular2MVC\movementcrm\Angular2MVC\app\main.js
D:\Project\Angular2MVC\movementcrm\Angular2MVC\app\main.js.map
D:\Project\Angular2MVC\movementcrm\Angular2MVC\app\app.component.js
D:\Project\Angular2MVC\movementcrm\Angular2MVC\app\app.component.js.map
D:\Project\Angular2MVC\movementcrm\Angular2MVC\app\Service\user.service.js
D:\Project\Angular2MVC\movementcrm\Angular2MVC\app\Service\user.service.js.map
D:\Project\Angular2MVC\movementcrm\Angular2MVC\app\Model\user.js
D:\Project\Angular2MVC\movementcrm\Angular2MVC\app\Model\user.js.map
D:\Project\Angular2MVC\movementcrm\Angular2MVC\app\Shared\enum.js
D:\Project\Angular2MVC\movementcrm\Angular2MVC\app\Shared\enum.js.map
D:\Project\Angular2MVC\movementcrm\Angular2MVC\app\Shared\global.js
D:\Project\Angular2MVC\movementcrm\Angular2MVC\app\Shared\global.js.map
D:\Project\Angular2MVC\movementcrm\Angular2MVC\app\components\user.component.js
D:\Project\Angular2MVC\movementcrm\Angular2MVC\app\components\user.component.js.map
D:\Project\Angular2MVC\movementcrm\Angular2MVC\app\components\home.component.js
D:\Project\Angular2MVC\movementcrm\Angular2MVC\app\components\home.component.js.map
D:\Project\Angular2MVC\movementcrm\Angular2MVC\app\Service\login.service.js
D:\Project\Angular2MVC\movementcrm\Angular2MVC\app\Service\login.service.js.map
D:\Project\Angular2MVC\movementcrm\Angular2MVC\app\components\login.component.js
D:\Project\Angular2MVC\movementcrm\Angular2MVC\app\components\login.component.js.map
D:\Project\Angular2MVC\movementcrm\Angular2MVC\app\Service\register.service.js
D:\Project\Angular2MVC\movementcrm\Angular2MVC\app\Service\register.service.js.map
D:\Project\Angular2MVC\movementcrm\Angular2MVC\app\components\register.component.js
D:\Project\Angular2MVC\movementcrm\Angular2MVC\app\components\register.component.js.map
D:\Project\Angular2MVC\movementcrm\Angular2MVC\app\app.routing.js
D:\Project\Angular2MVC\movementcrm\Angular2MVC\app\app.routing.js.map
D:\Project\Angular2MVC\movementcrm\Angular2MVC\app\app.module.js
D:\Project\Angular2MVC\movementcrm\Angular2MVC\app\app.module.js.map
D:\Project\Angular2MVC\movementcrm\Angular2MVC\app\main.js
D:\Project\Angular2MVC\movementcrm\Angular2MVC\app\main.js.map
D:\Project\Angular2MVC\movementcrm\Angular2MVC\app\app.component.js
D:\Project\Angular2MVC\movementcrm\Angular2MVC\app\app.component.js.map
D:\Project\Angular2MVC\movementcrm\Angular2MVC\app\Service\user.service.js
D:\Project\Angular2MVC\movementcrm\Angular2MVC\app\Service\user.service.js.map
D:\Project\Angular2MVC\movementcrm\Angular2MVC\app\Model\user.js
D:\Project\Angular2MVC\movementcrm\Angular2MVC\app\Model\user.js.map
D:\Project\Angular2MVC\movementcrm\Angular2MVC\app\Shared\enum.js
D:\Project\Angular2MVC\movementcrm\Angular2MVC\app\Shared\enum.js.map
D:\Project\Angular2MVC\movementcrm\Angular2MVC\app\Shared\global.js
D:\Project\Angular2MVC\movementcrm\Angular2MVC\app\Shared\global.js.map
D:\Project\Angular2MVC\movementcrm\Angular2MVC\app\components\user.component.js
D:\Project\Angular2MVC\movementcrm\Angular2MVC\app\components\user.component.js.map
D:\Project\Angular2MVC\movementcrm\Angular2MVC\app\components\home.component.js
D:\Project\Angular2MVC\movementcrm\Angular2MVC\app\components\home.component.js.map
D:\Project\Angular2MVC\movementcrm\Angular2MVC\app\Service\login.service.js
D:\Project\Angular2MVC\movementcrm\Angular2MVC\app\Service\login.service.js.map
D:\Project\Angular2MVC\movementcrm\Angular2MVC\app\components\login.component.js
D:\Project\Angular2MVC\movementcrm\Angular2MVC\app\components\login.component.js.map
D:\Project\Angular2MVC\movementcrm\Angular2MVC\app\Service\register.service.js
D:\Project\Angular2MVC\movementcrm\Angular2MVC\app\Service\register.service.js.map
D:\Project\Angular2MVC\movementcrm\Angular2MVC\app\components\register.component.js
D:\Project\Angular2MVC\movementcrm\Angular2MVC\app\components\register.component.js.map
D:\Project\Angular2MVC\movementcrm\Angular2MVC\app\app.routing.js
D:\Project\Angular2MVC\movementcrm\Angular2MVC\app\app.routing.js.map
D:\Project\Angular2MVC\movementcrm\Angular2MVC\app\app.module.js
D:\Project\Angular2MVC\movementcrm\Angular2MVC\app\app.module.js.map
D:\Project\Angular2MVC\movementcrm\Angular2MVC\app\main.js
D:\Project\Angular2MVC\movementcrm\Angular2MVC\app\main.js.map
D:\Project\Angular2MVC\movementcrm\Angular2MVC\app\app.component.js
D:\Project\Angular2MVC\movementcrm\Angular2MVC\app\app.component.js.map
D:\Project\Angular2MVC\movementcrm\Angular2MVC\app\Service\user.service.js
D:\Project\Angular2MVC\movementcrm\Angular2MVC\app\Service\user.service.js.map
D:\Project\Angular2MVC\movementcrm\Angular2MVC\app\Model\user.js
D:\Project\Angular2MVC\movementcrm\Angular2MVC\app\Model\user.js.map
D:\Project\Angular2MVC\movementcrm\Angular2MVC\app\Shared\enum.js
D:\Project\Angular2MVC\movementcrm\Angular2MVC\app\Shared\enum.js.map
D:\Project\Angular2MVC\movementcrm\Angular2MVC\app\Shared\global.js
D:\Project\Angular2MVC\movementcrm\Angular2MVC\app\Shared\global.js.map
D:\Project\Angular2MVC\movementcrm\Angular2MVC\app\components\user.component.js
D:\Project\Angular2MVC\movementcrm\Angular2MVC\app\components\user.component.js.map
D:\Project\Angular2MVC\movementcrm\Angular2MVC\app\components\home.component.js
D:\Project\Angular2MVC\movementcrm\Angular2MVC\app\components\home.component.js.map
D:\Project\Angular2MVC\movementcrm\Angular2MVC\app\Service\login.service.js
D:\Project\Angular2MVC\movementcrm\Angular2MVC\app\Service\login.service.js.map
D:\Project\Angular2MVC\movementcrm\Angular2MVC\app\components\login.component.js
D:\Project\Angular2MVC\movementcrm\Angular2MVC\app\components\login.component.js.map
D:\Project\Angular2MVC\movementcrm\Angular2MVC\app\Service\register.service.js
D:\Project\Angular2MVC\movementcrm\Angular2MVC\app\Service\register.service.js.map
D:\Project\Angular2MVC\movementcrm\Angular2MVC\app\components\register.component.js
D:\Project\Angular2MVC\movementcrm\Angular2MVC\app\components\register.component.js.map
D:\Project\Angular2MVC\movementcrm\Angular2MVC\app\app.routing.js
D:\Project\Angular2MVC\movementcrm\Angular2MVC\app\app.routing.js.map
D:\Project\Angular2MVC\movementcrm\Angular2MVC\app\app.module.js
D:\Project\Angular2MVC\movementcrm\Angular2MVC\app\app.module.js.map
D:\Project\Angular2MVC\movementcrm\Angular2MVC\app\main.js
D:\Project\Angular2MVC\movementcrm\Angular2MVC\app\main.js.map
D:\Project\Angular2MVC\movementcrm\Angular2MVC\app\app.component.js
D:\Project\Angular2MVC\movementcrm\Angular2MVC\app\app.component.js.map
D:\Project\Angular2MVC\movementcrm\Angular2MVC\app\Service\user.service.js
D:\Project\Angular2MVC\movementcrm\Angular2MVC\app\Service\user.service.js.map
D:\Project\Angular2MVC\movementcrm\Angular2MVC\app\Model\user.js
D:\Project\Angular2MVC\movementcrm\Angular2MVC\app\Model\user.js.map
D:\Project\Angular2MVC\movementcrm\Angular2MVC\app\Shared\enum.js
D:\Project\Angular2MVC\movementcrm\Angular2MVC\app\Shared\enum.js.map
D:\Project\Angular2MVC\movementcrm\Angular2MVC\app\Shared\global.js
D:\Project\Angular2MVC\movementcrm\Angular2MVC\app\Shared\global.js.map
D:\Project\Angular2MVC\movementcrm\Angular2MVC\app\components\user.component.js
D:\Project\Angular2MVC\movementcrm\Angular2MVC\app\components\user.component.js.map
D:\Project\Angular2MVC\movementcrm\Angular2MVC\app\components\home.component.js
D:\Project\Angular2MVC\movementcrm\Angular2MVC\app\components\home.component.js.map
D:\Project\Angular2MVC\movementcrm\Angular2MVC\app\Service\login.service.js
D:\Project\Angular2MVC\movementcrm\Angular2MVC\app\Service\login.service.js.map
D:\Project\Angular2MVC\movementcrm\Angular2MVC\app\components\login.component.js
D:\Project\Angular2MVC\movementcrm\Angular2MVC\app\components\login.component.js.map
D:\Project\Angular2MVC\movementcrm\Angular2MVC\app\Service\register.service.js
D:\Project\Angular2MVC\movementcrm\Angular2MVC\app\Service\register.service.js.map
D:\Project\Angular2MVC\movementcrm\Angular2MVC\app\components\register.component.js
D:\Project\Angular2MVC\movementcrm\Angular2MVC\app\components\register.component.js.map
D:\Project\Angular2MVC\movementcrm\Angular2MVC\app\app.routing.js
D:\Project\Angular2MVC\movementcrm\Angular2MVC\app\app.routing.js.map
D:\Project\Angular2MVC\movementcrm\Angular2MVC\app\app.module.js
D:\Project\Angular2MVC\movementcrm\Angular2MVC\app\app.module.js.map
D:\Project\Angular2MVC\movementcrm\Angular2MVC\app\main.js
D:\Project\Angular2MVC\movementcrm\Angular2MVC\app\main.js.map
D:\Project\Angular2MVC\movementcrm\Angular2MVC\app\app.component.js
D:\Project\Angular2MVC\movementcrm\Angular2MVC\app\app.component.js.map
D:\Project\Angular2MVC\movementcrm\Angular2MVC\app\Service\user.service.js
D:\Project\Angular2MVC\movementcrm\Angular2MVC\app\Service\user.service.js.map
D:\Project\Angular2MVC\movementcrm\Angular2MVC\app\Model\user.js
D:\Project\Angular2MVC\movementcrm\Angular2MVC\app\Model\user.js.map
D:\Project\Angular2MVC\movementcrm\Angular2MVC\app\Shared\enum.js
D:\Project\Angular2MVC\movementcrm\Angular2MVC\app\Shared\enum.js.map
D:\Project\Angular2MVC\movementcrm\Angular2MVC\app\Shared\global.js
D:\Project\Angular2MVC\movementcrm\Angular2MVC\app\Shared\global.js.map
D:\Project\Angular2MVC\movementcrm\Angular2MVC\app\components\user.component.js
D:\Project\Angular2MVC\movementcrm\Angular2MVC\app\components\user.component.js.map
D:\Project\Angular2MVC\movementcrm\Angular2MVC\app\components\home.component.js
D:\Project\Angular2MVC\movementcrm\Angular2MVC\app\components\home.component.js.map
D:\Project\Angular2MVC\movementcrm\Angular2MVC\app\Service\login.service.js
D:\Project\Angular2MVC\movementcrm\Angular2MVC\app\Service\login.service.js.map
D:\Project\Angular2MVC\movementcrm\Angular2MVC\app\components\login.component.js
D:\Project\Angular2MVC\movementcrm\Angular2MVC\app\components\login.component.js.map
D:\Project\Angular2MVC\movementcrm\Angular2MVC\app\Service\register.service.js
D:\Project\Angular2MVC\movementcrm\Angular2MVC\app\Service\register.service.js.map
D:\Project\Angular2MVC\movementcrm\Angular2MVC\app\components\register.component.js
D:\Project\Angular2MVC\movementcrm\Angular2MVC\app\components\register.component.js.map
D:\Project\Angular2MVC\movementcrm\Angular2MVC\app\app.routing.js
D:\Project\Angular2MVC\movementcrm\Angular2MVC\app\app.routing.js.map
D:\Project\Angular2MVC\movementcrm\Angular2MVC\app\app.module.js
D:\Project\Angular2MVC\movementcrm\Angular2MVC\app\app.module.js.map
D:\Project\Angular2MVC\movementcrm\Angular2MVC\app\main.js
D:\Project\Angular2MVC\movementcrm\Angular2MVC\app\main.js.map
D:\Project\Angular2MVC\movementcrm\Angular2MVC\app\app.component.js
D:\Project\Angular2MVC\movementcrm\Angular2MVC\app\app.component.js.map
D:\Project\Angular2MVC\movementcrm\Angular2MVC\app\Service\user.service.js
D:\Project\Angular2MVC\movementcrm\Angular2MVC\app\Service\user.service.js.map
D:\Project\Angular2MVC\movementcrm\Angular2MVC\app\Model\user.js
D:\Project\Angular2MVC\movementcrm\Angular2MVC\app\Model\user.js.map
D:\Project\Angular2MVC\movementcrm\Angular2MVC\app\Shared\enum.js
D:\Project\Angular2MVC\movementcrm\Angular2MVC\app\Shared\enum.js.map
D:\Project\Angular2MVC\movementcrm\Angular2MVC\app\Shared\global.js
D:\Project\Angular2MVC\movementcrm\Angular2MVC\app\Shared\global.js.map
D:\Project\Angular2MVC\movementcrm\Angular2MVC\app\components\user.component.js
D:\Project\Angular2MVC\movementcrm\Angular2MVC\app\components\user.component.js.map
D:\Project\Angular2MVC\movementcrm\Angular2MVC\app\components\home.component.js
D:\Project\Angular2MVC\movementcrm\Angular2MVC\app\components\home.component.js.map
D:\Project\Angular2MVC\movementcrm\Angular2MVC\app\Service\login.service.js
D:\Project\Angular2MVC\movementcrm\Angular2MVC\app\Service\login.service.js.map
D:\Project\Angular2MVC\movementcrm\Angular2MVC\app\components\login.component.js
D:\Project\Angular2MVC\movementcrm\Angular2MVC\app\components\login.component.js.map
D:\Project\Angular2MVC\movementcrm\Angular2MVC\app\Service\register.service.js
D:\Project\Angular2MVC\movementcrm\Angular2MVC\app\Service\register.service.js.map
D:\Project\Angular2MVC\movementcrm\Angular2MVC\app\components\register.component.js
D:\Project\Angular2MVC\movementcrm\Angular2MVC\app\components\register.component.js.map
D:\Project\Angular2MVC\movementcrm\Angular2MVC\app\app.routing.js
D:\Project\Angular2MVC\movementcrm\Angular2MVC\app\app.routing.js.map
D:\Project\Angular2MVC\movementcrm\Angular2MVC\app\app.module.js
D:\Project\Angular2MVC\movementcrm\Angular2MVC\app\app.module.js.map
D:\Project\Angular2MVC\movementcrm\Angular2MVC\app\main.js
D:\Project\Angular2MVC\movementcrm\Angular2MVC\app\main.js.map
D:\Project\Angular2MVC\movementcrm\Angular2MVC\app\app.component.js
D:\Project\Angular2MVC\movementcrm\Angular2MVC\app\app.component.js.map
D:\Project\Angular2MVC\movementcrm\Angular2MVC\app\Service\user.service.js
D:\Project\Angular2MVC\movementcrm\Angular2MVC\app\Service\user.service.js.map
D:\Project\Angular2MVC\movementcrm\Angular2MVC\app\Model\user.js
D:\Project\Angular2MVC\movementcrm\Angular2MVC\app\Model\user.js.map
D:\Project\Angular2MVC\movementcrm\Angular2MVC\app\Shared\enum.js
D:\Project\Angular2MVC\movementcrm\Angular2MVC\app\Shared\enum.js.map
D:\Project\Angular2MVC\movementcrm\Angular2MVC\app\Shared\global.js
D:\Project\Angular2MVC\movementcrm\Angular2MVC\app\Shared\global.js.map
D:\Project\Angular2MVC\movementcrm\Angular2MVC\app\components\user.component.js
D:\Project\Angular2MVC\movementcrm\Angular2MVC\app\components\user.component.js.map
D:\Project\Angular2MVC\movementcrm\Angular2MVC\app\components\home.component.js
D:\Project\Angular2MVC\movementcrm\Angular2MVC\app\components\home.component.js.map
D:\Project\Angular2MVC\movementcrm\Angular2MVC\app\Service\login.service.js
D:\Project\Angular2MVC\movementcrm\Angular2MVC\app\Service\login.service.js.map
D:\Project\Angular2MVC\movementcrm\Angular2MVC\app\components\login.component.js
D:\Project\Angular2MVC\movementcrm\Angular2MVC\app\components\login.component.js.map
D:\Project\Angular2MVC\movementcrm\Angular2MVC\app\Service\register.service.js
D:\Project\Angular2MVC\movementcrm\Angular2MVC\app\Service\register.service.js.map
D:\Project\Angular2MVC\movementcrm\Angular2MVC\app\components\register.component.js
D:\Project\Angular2MVC\movementcrm\Angular2MVC\app\components\register.component.js.map
D:\Project\Angular2MVC\movementcrm\Angular2MVC\app\app.routing.js
D:\Project\Angular2MVC\movementcrm\Angular2MVC\app\app.routing.js.map
D:\Project\Angular2MVC\movementcrm\Angular2MVC\app\app.module.js
D:\Project\Angular2MVC\movementcrm\Angular2MVC\app\app.module.js.map
D:\Project\Angular2MVC\movementcrm\Angular2MVC\app\main.js
D:\Project\Angular2MVC\movementcrm\Angular2MVC\app\main.js.map
D:\Project\Angular2MVC\movementcrm\Angular2MVC\app\app.component.js
D:\Project\Angular2MVC\movementcrm\Angular2MVC\app\app.component.js.map
D:\Project\Angular2MVC\movementcrm\Angular2MVC\app\Service\user.service.js
D:\Project\Angular2MVC\movementcrm\Angular2MVC\app\Service\user.service.js.map
D:\Project\Angular2MVC\movementcrm\Angular2MVC\app\Model\user.js
D:\Project\Angular2MVC\movementcrm\Angular2MVC\app\Model\user.js.map
D:\Project\Angular2MVC\movementcrm\Angular2MVC\app\Shared\enum.js
D:\Project\Angular2MVC\movementcrm\Angular2MVC\app\Shared\enum.js.map
D:\Project\Angular2MVC\movementcrm\Angular2MVC\app\Shared\global.js
D:\Project\Angular2MVC\movementcrm\Angular2MVC\app\Shared\global.js.map
D:\Project\Angular2MVC\movementcrm\Angular2MVC\app\components\user.component.js
D:\Project\Angular2MVC\movementcrm\Angular2MVC\app\components\user.component.js.map
D:\Project\Angular2MVC\movementcrm\Angular2MVC\app\components\home.component.js
D:\Project\Angular2MVC\movementcrm\Angular2MVC\app\components\home.component.js.map
D:\Project\Angular2MVC\movementcrm\Angular2MVC\app\Service\login.service.js
D:\Project\Angular2MVC\movementcrm\Angular2MVC\app\Service\login.service.js.map
D:\Project\Angular2MVC\movementcrm\Angular2MVC\app\components\login.component.js
D:\Project\Angular2MVC\movementcrm\Angular2MVC\app\components\login.component.js.map
D:\Project\Angular2MVC\movementcrm\Angular2MVC\app\Service\register.service.js
D:\Project\Angular2MVC\movementcrm\Angular2MVC\app\Service\register.service.js.map
D:\Project\Angular2MVC\movementcrm\Angular2MVC\app\components\register.component.js
D:\Project\Angular2MVC\movementcrm\Angular2MVC\app\components\register.component.js.map
D:\Project\Angular2MVC\movementcrm\Angular2MVC\app\app.routing.js
D:\Project\Angular2MVC\movementcrm\Angular2MVC\app\app.routing.js.map
D:\Project\Angular2MVC\movementcrm\Angular2MVC\app\app.module.js
D:\Project\Angular2MVC\movementcrm\Angular2MVC\app\app.module.js.map
D:\Project\Angular2MVC\movementcrm\Angular2MVC\app\main.js
D:\Project\Angular2MVC\movementcrm\Angular2MVC\app\main.js.map
D:\Project\Angular2MVC\movementcrm\Angular2MVC\app\app.component.js
D:\Project\Angular2MVC\movementcrm\Angular2MVC\app\app.component.js.map
D:\Project\Angular2MVC\movementcrm\Angular2MVC\app\Service\user.service.js
D:\Project\Angular2MVC\movementcrm\Angular2MVC\app\Service\user.service.js.map
D:\Project\Angular2MVC\movementcrm\Angular2MVC\app\Model\user.js
D:\Project\Angular2MVC\movementcrm\Angular2MVC\app\Model\user.js.map
D:\Project\Angular2MVC\movementcrm\Angular2MVC\app\Shared\enum.js
D:\Project\Angular2MVC\movementcrm\Angular2MVC\app\Shared\enum.js.map
D:\Project\Angular2MVC\movementcrm\Angular2MVC\app\Shared\global.js
D:\Project\Angular2MVC\movementcrm\Angular2MVC\app\Shared\global.js.map
D:\Project\Angular2MVC\movementcrm\Angular2MVC\app\components\user.component.js
D:\Project\Angular2MVC\movementcrm\Angular2MVC\app\components\user.component.js.map
D:\Project\Angular2MVC\movementcrm\Angular2MVC\app\components\home.component.js
D:\Project\Angular2MVC\movementcrm\Angular2MVC\app\components\home.component.js.map
D:\Project\Angular2MVC\movementcrm\Angular2MVC\app\Service\login.service.js
D:\Project\Angular2MVC\movementcrm\Angular2MVC\app\Service\login.service.js.map
D:\Project\Angular2MVC\movementcrm\Angular2MVC\app\components\login.component.js
D:\Project\Angular2MVC\movementcrm\Angular2MVC\app\components\login.component.js.map
D:\Project\Angular2MVC\movementcrm\Angular2MVC\app\Service\register.service.js
D:\Project\Angular2MVC\movementcrm\Angular2MVC\app\Service\register.service.js.map
D:\Project\Angular2MVC\movementcrm\Angular2MVC\app\components\register.component.js
D:\Project\Angular2MVC\movementcrm\Angular2MVC\app\components\register.component.js.map
D:\Project\Angular2MVC\movementcrm\Angular2MVC\app\app.routing.js
D:\Project\Angular2MVC\movementcrm\Angular2MVC\app\app.routing.js.map
D:\Project\Angular2MVC\movementcrm\Angular2MVC\app\app.module.js
D:\Project\Angular2MVC\movementcrm\Angular2MVC\app\app.module.js.map
D:\Project\Angular2MVC\movementcrm\Angular2MVC\app\main.js
D:\Project\Angular2MVC\movementcrm\Angular2MVC\app\main.js.map
D:\Project\Angular2MVC\movementcrm\Angular2MVC\app\app.component.js
D:\Project\Angular2MVC\movementcrm\Angular2MVC\app\app.component.js.map
D:\Project\Angular2MVC\movementcrm\Angular2MVC\app\Service\user.service.js
D:\Project\Angular2MVC\movementcrm\Angular2MVC\app\Service\user.service.js.map
D:\Project\Angular2MVC\movementcrm\Angular2MVC\app\Model\user.js
D:\Project\Angular2MVC\movementcrm\Angular2MVC\app\Model\user.js.map
D:\Project\Angular2MVC\movementcrm\Angular2MVC\app\Shared\enum.js
D:\Project\Angular2MVC\movementcrm\Angular2MVC\app\Shared\enum.js.map
D:\Project\Angular2MVC\movementcrm\Angular2MVC\app\Shared\global.js
D:\Project\Angular2MVC\movementcrm\Angular2MVC\app\Shared\global.js.map
D:\Project\Angular2MVC\movementcrm\Angular2MVC\app\components\user.component.js
D:\Project\Angular2MVC\movementcrm\Angular2MVC\app\components\user.component.js.map
D:\Project\Angular2MVC\movementcrm\Angular2MVC\app\components\home.component.js
D:\Project\Angular2MVC\movementcrm\Angular2MVC\app\components\home.component.js.map
D:\Project\Angular2MVC\movementcrm\Angular2MVC\app\Service\login.service.js
D:\Project\Angular2MVC\movementcrm\Angular2MVC\app\Service\login.service.js.map
D:\Project\Angular2MVC\movementcrm\Angular2MVC\app\components\login.component.js
D:\Project\Angular2MVC\movementcrm\Angular2MVC\app\components\login.component.js.map
D:\Project\Angular2MVC\movementcrm\Angular2MVC\app\Service\register.service.js
D:\Project\Angular2MVC\movementcrm\Angular2MVC\app\Service\register.service.js.map
D:\Project\Angular2MVC\movementcrm\Angular2MVC\app\components\register.component.js
D:\Project\Angular2MVC\movementcrm\Angular2MVC\app\components\register.component.js.map
D:\Project\Angular2MVC\movementcrm\Angular2MVC\app\app.routing.js
D:\Project\Angular2MVC\movementcrm\Angular2MVC\app\app.routing.js.map
D:\Project\Angular2MVC\movementcrm\Angular2MVC\app\app.module.js
D:\Project\Angular2MVC\movementcrm\Angular2MVC\app\app.module.js.map
D:\Project\Angular2MVC\movementcrm\Angular2MVC\app\main.js
D:\Project\Angular2MVC\movementcrm\Angular2MVC\app\main.js.map
D:\Project\Angular2MVC\movementcrm\Angular2MVC\app\app.component.js
D:\Project\Angular2MVC\movementcrm\Angular2MVC\app\app.component.js.map
D:\Project\Angular2MVC\movementcrm\Angular2MVC\app\Service\user.service.js
D:\Project\Angular2MVC\movementcrm\Angular2MVC\app\Service\user.service.js.map
D:\Project\Angular2MVC\movementcrm\Angular2MVC\app\Model\user.js
D:\Project\Angular2MVC\movementcrm\Angular2MVC\app\Model\user.js.map
D:\Project\Angular2MVC\movementcrm\Angular2MVC\app\Shared\enum.js
D:\Project\Angular2MVC\movementcrm\Angular2MVC\app\Shared\enum.js.map
D:\Project\Angular2MVC\movementcrm\Angular2MVC\app\Shared\global.js
D:\Project\Angular2MVC\movementcrm\Angular2MVC\app\Shared\global.js.map
D:\Project\Angular2MVC\movementcrm\Angular2MVC\app\components\user.component.js
D:\Project\Angular2MVC\movementcrm\Angular2MVC\app\components\user.component.js.map
D:\Project\Angular2MVC\movementcrm\Angular2MVC\app\components\home.component.js
D:\Project\Angular2MVC\movementcrm\Angular2MVC\app\components\home.component.js.map
D:\Project\Angular2MVC\movementcrm\Angular2MVC\app\Service\login.service.js
D:\Project\Angular2MVC\movementcrm\Angular2MVC\app\Service\login.service.js.map
D:\Project\Angular2MVC\movementcrm\Angular2MVC\app\components\login.component.js
D:\Project\Angular2MVC\movementcrm\Angular2MVC\app\components\login.component.js.map
D:\Project\Angular2MVC\movementcrm\Angular2MVC\app\Service\register.service.js
D:\Project\Angular2MVC\movementcrm\Angular2MVC\app\Service\register.service.js.map
D:\Project\Angular2MVC\movementcrm\Angular2MVC\app\components\register.component.js
D:\Project\Angular2MVC\movementcrm\Angular2MVC\app\components\register.component.js.map
D:\Project\Angular2MVC\movementcrm\Angular2MVC\app\app.routing.js
D:\Project\Angular2MVC\movementcrm\Angular2MVC\app\app.routing.js.map
D:\Project\Angular2MVC\movementcrm\Angular2MVC\app\app.module.js
D:\Project\Angular2MVC\movementcrm\Angular2MVC\app\app.module.js.map
D:\Project\Angular2MVC\movementcrm\Angular2MVC\app\main.js
D:\Project\Angular2MVC\movementcrm\Angular2MVC\app\main.js.map
D:\Project\Angular2MVC\movementcrm\Angular2MVC\app\app.component.js
D:\Project\Angular2MVC\movementcrm\Angular2MVC\app\app.component.js.map
D:\Project\Angular2MVC\movementcrm\Angular2MVC\app\Service\user.service.js
D:\Project\Angular2MVC\movementcrm\Angular2MVC\app\Service\user.service.js.map
D:\Project\Angular2MVC\movementcrm\Angular2MVC\app\Model\user.js
D:\Project\Angular2MVC\movementcrm\Angular2MVC\app\Model\user.js.map
D:\Project\Angular2MVC\movementcrm\Angular2MVC\app\Shared\enum.js
D:\Project\Angular2MVC\movementcrm\Angular2MVC\app\Shared\enum.js.map
D:\Project\Angular2MVC\movementcrm\Angular2MVC\app\Shared\global.js
D:\Project\Angular2MVC\movementcrm\Angular2MVC\app\Shared\global.js.map
D:\Project\Angular2MVC\movementcrm\Angular2MVC\app\components\user.component.js
D:\Project\Angular2MVC\movementcrm\Angular2MVC\app\components\user.component.js.map
D:\Project\Angular2MVC\movementcrm\Angular2MVC\app\components\home.component.js
D:\Project\Angular2MVC\movementcrm\Angular2MVC\app\components\home.component.js.map
D:\Project\Angular2MVC\movementcrm\Angular2MVC\app\Service\login.service.js
D:\Project\Angular2MVC\movementcrm\Angular2MVC\app\Service\login.service.js.map
D:\Project\Angular2MVC\movementcrm\Angular2MVC\app\components\login.component.js
D:\Project\Angular2MVC\movementcrm\Angular2MVC\app\components\login.component.js.map
D:\Project\Angular2MVC\movementcrm\Angular2MVC\app\Service\register.service.js
D:\Project\Angular2MVC\movementcrm\Angular2MVC\app\Service\register.service.js.map
D:\Project\Angular2MVC\movementcrm\Angular2MVC\app\components\register.component.js
D:\Project\Angular2MVC\movementcrm\Angular2MVC\app\components\register.component.js.map
D:\Project\Angular2MVC\movementcrm\Angular2MVC\app\app.routing.js
D:\Project\Angular2MVC\movementcrm\Angular2MVC\app\app.routing.js.map
D:\Project\Angular2MVC\movementcrm\Angular2MVC\app\app.module.js
D:\Project\Angular2MVC\movementcrm\Angular2MVC\app\app.module.js.map
D:\Project\Angular2MVC\movementcrm\Angular2MVC\app\main.js
D:\Project\Angular2MVC\movementcrm\Angular2MVC\app\main.js.map
D:\Project\Angular2MVC\movementcrm\Angular2MVC\app\app.component.js
D:\Project\Angular2MVC\movementcrm\Angular2MVC\app\app.component.js.map
D:\Project\Angular2MVC\movementcrm\Angular2MVC\app\Service\user.service.js
D:\Project\Angular2MVC\movementcrm\Angular2MVC\app\Service\user.service.js.map
D:\Project\Angular2MVC\movementcrm\Angular2MVC\app\Model\user.js
D:\Project\Angular2MVC\movementcrm\Angular2MVC\app\Model\user.js.map
D:\Project\Angular2MVC\movementcrm\Angular2MVC\app\Shared\enum.js
D:\Project\Angular2MVC\movementcrm\Angular2MVC\app\Shared\enum.js.map
D:\Project\Angular2MVC\movementcrm\Angular2MVC\app\Shared\global.js
D:\Project\Angular2MVC\movementcrm\Angular2MVC\app\Shared\global.js.map
D:\Project\Angular2MVC\movementcrm\Angular2MVC\app\components\user.component.js
D:\Project\Angular2MVC\movementcrm\Angular2MVC\app\components\user.component.js.map
D:\Project\Angular2MVC\movementcrm\Angular2MVC\app\components\home.component.js
D:\Project\Angular2MVC\movementcrm\Angular2MVC\app\components\home.component.js.map
D:\Project\Angular2MVC\movementcrm\Angular2MVC\app\Service\login.service.js
D:\Project\Angular2MVC\movementcrm\Angular2MVC\app\Service\login.service.js.map
D:\Project\Angular2MVC\movementcrm\Angular2MVC\app\components\login.component.js
D:\Project\Angular2MVC\movementcrm\Angular2MVC\app\components\login.component.js.map
D:\Project\Angular2MVC\movementcrm\Angular2MVC\app\Service\register.service.js
D:\Project\Angular2MVC\movementcrm\Angular2MVC\app\Service\register.service.js.map
D:\Project\Angular2MVC\movementcrm\Angular2MVC\app\components\register.component.js
D:\Project\Angular2MVC\movementcrm\Angular2MVC\app\components\register.component.js.map
D:\Project\Angular2MVC\movementcrm\Angular2MVC\app\app.routing.js
D:\Project\Angular2MVC\movementcrm\Angular2MVC\app\app.routing.js.map
D:\Project\Angular2MVC\movementcrm\Angular2MVC\app\app.module.js
D:\Project\Angular2MVC\movementcrm\Angular2MVC\app\app.module.js.map
D:\Project\Angular2MVC\movementcrm\Angular2MVC\app\main.js
D:\Project\Angular2MVC\movementcrm\Angular2MVC\app\main.js.map
D:\Project\Angular2MVC\movementcrm\Angular2MVC\app\app.component.js
D:\Project\Angular2MVC\movementcrm\Angular2MVC\app\app.component.js.map
D:\Project\Angular2MVC\movementcrm\Angular2MVC\app\Service\user.service.js
D:\Project\Angular2MVC\movementcrm\Angular2MVC\app\Service\user.service.js.map
D:\Project\Angular2MVC\movementcrm\Angular2MVC\app\Model\user.js
D:\Project\Angular2MVC\movementcrm\Angular2MVC\app\Model\user.js.map
D:\Project\Angular2MVC\movementcrm\Angular2MVC\app\Shared\enum.js
D:\Project\Angular2MVC\movementcrm\Angular2MVC\app\Shared\enum.js.map
D:\Project\Angular2MVC\movementcrm\Angular2MVC\app\Shared\global.js
D:\Project\Angular2MVC\movementcrm\Angular2MVC\app\Shared\global.js.map
D:\Project\Angular2MVC\movementcrm\Angular2MVC\app\components\user.component.js
D:\Project\Angular2MVC\movementcrm\Angular2MVC\app\components\user.component.js.map
D:\Project\Angular2MVC\movementcrm\Angular2MVC\app\components\home.component.js
D:\Project\Angular2MVC\movementcrm\Angular2MVC\app\components\home.component.js.map
D:\Project\Angular2MVC\movementcrm\Angular2MVC\app\Service\login.service.js
D:\Project\Angular2MVC\movementcrm\Angular2MVC\app\Service\login.service.js.map
D:\Project\Angular2MVC\movementcrm\Angular2MVC\app\components\login.component.js
D:\Project\Angular2MVC\movementcrm\Angular2MVC\app\components\login.component.js.map
D:\Project\Angular2MVC\movementcrm\Angular2MVC\app\Service\register.service.js
D:\Project\Angular2MVC\movementcrm\Angular2MVC\app\Service\register.service.js.map
D:\Project\Angular2MVC\movementcrm\Angular2MVC\app\components\register.component.js
D:\Project\Angular2MVC\movementcrm\Angular2MVC\app\components\register.component.js.map
D:\Project\Angular2MVC\movementcrm\Angular2MVC\app\app.routing.js
D:\Project\Angular2MVC\movementcrm\Angular2MVC\app\app.routing.js.map
D:\Project\Angular2MVC\movementcrm\Angular2MVC\app\app.module.js
D:\Project\Angular2MVC\movementcrm\Angular2MVC\app\app.module.js.map
D:\Project\Angular2MVC\movementcrm\Angular2MVC\app\main.js
D:\Project\Angular2MVC\movementcrm\Angular2MVC\app\main.js.map
D:\Project\Angular2MVC\movementcrm\Angular2MVC\app\app.component.js
D:\Project\Angular2MVC\movementcrm\Angular2MVC\app\app.component.js.map
D:\Project\Angular2MVC\movementcrm\Angular2MVC\app\Service\user.service.js
D:\Project\Angular2MVC\movementcrm\Angular2MVC\app\Service\user.service.js.map
D:\Project\Angular2MVC\movementcrm\Angular2MVC\app\Model\user.js
D:\Project\Angular2MVC\movementcrm\Angular2MVC\app\Model\user.js.map
D:\Project\Angular2MVC\movementcrm\Angular2MVC\app\Shared\enum.js
D:\Project\Angular2MVC\movementcrm\Angular2MVC\app\Shared\enum.js.map
D:\Project\Angular2MVC\movementcrm\Angular2MVC\app\Shared\global.js
D:\Project\Angular2MVC\movementcrm\Angular2MVC\app\Shared\global.js.map
D:\Project\Angular2MVC\movementcrm\Angular2MVC\app\components\user.component.js
D:\Project\Angular2MVC\movementcrm\Angular2MVC\app\components\user.component.js.map
D:\Project\Angular2MVC\movementcrm\Angular2MVC\app\components\home.component.js
D:\Project\Angular2MVC\movementcrm\Angular2MVC\app\components\home.component.js.map
D:\Project\Angular2MVC\movementcrm\Angular2MVC\app\Service\login.service.js
D:\Project\Angular2MVC\movementcrm\Angular2MVC\app\Service\login.service.js.map
D:\Project\Angular2MVC\movementcrm\Angular2MVC\app\components\login.component.js
D:\Project\Angular2MVC\movementcrm\Angular2MVC\app\components\login.component.js.map
D:\Project\Angular2MVC\movementcrm\Angular2MVC\app\Service\register.service.js
D:\Project\Angular2MVC\movementcrm\Angular2MVC\app\Service\register.service.js.map
D:\Project\Angular2MVC\movementcrm\Angular2MVC\app\components\register.component.js
D:\Project\Angular2MVC\movementcrm\Angular2MVC\app\components\register.component.js.map
D:\Project\Angular2MVC\movementcrm\Angular2MVC\app\app.routing.js
D:\Project\Angular2MVC\movementcrm\Angular2MVC\app\app.routing.js.map
D:\Project\Angular2MVC\movementcrm\Angular2MVC\app\app.module.js
D:\Project\Angular2MVC\movementcrm\Angular2MVC\app\app.module.js.map
D:\Project\Angular2MVC\movementcrm\Angular2MVC\app\main.js
D:\Project\Angular2MVC\movementcrm\Angular2MVC\app\main.js.map
D:\Project\Angular2MVC\movementcrm\Angular2MVC\app\app.component.js
D:\Project\Angular2MVC\movementcrm\Angular2MVC\app\app.component.js.map
D:\Project\Angular2MVC\movementcrm\Angular2MVC\app\Service\user.service.js
D:\Project\Angular2MVC\movementcrm\Angular2MVC\app\Service\user.service.js.map
D:\Project\Angular2MVC\movementcrm\Angular2MVC\app\Model\user.js
D:\Project\Angular2MVC\movementcrm\Angular2MVC\app\Model\user.js.map
D:\Project\Angular2MVC\movementcrm\Angular2MVC\app\Shared\enum.js
D:\Project\Angular2MVC\movementcrm\Angular2MVC\app\Shared\enum.js.map
D:\Project\Angular2MVC\movementcrm\Angular2MVC\app\Shared\global.js
D:\Project\Angular2MVC\movementcrm\Angular2MVC\app\Shared\global.js.map
D:\Project\Angular2MVC\movementcrm\Angular2MVC\app\components\user.component.js
D:\Project\Angular2MVC\movementcrm\Angular2MVC\app\components\user.component.js.map
D:\Project\Angular2MVC\movementcrm\Angular2MVC\app\components\home.component.js
D:\Project\Angular2MVC\movementcrm\Angular2MVC\app\components\home.component.js.map
D:\Project\Angular2MVC\movementcrm\Angular2MVC\app\Service\login.service.js
D:\Project\Angular2MVC\movementcrm\Angular2MVC\app\Service\login.service.js.map
D:\Project\Angular2MVC\movementcrm\Angular2MVC\app\components\login.component.js
D:\Project\Angular2MVC\movementcrm\Angular2MVC\app\components\login.component.js.map
D:\Project\Angular2MVC\movementcrm\Angular2MVC\app\Service\register.service.js
D:\Project\Angular2MVC\movementcrm\Angular2MVC\app\Service\register.service.js.map
D:\Project\Angular2MVC\movementcrm\Angular2MVC\app\components\register.component.js
D:\Project\Angular2MVC\movementcrm\Angular2MVC\app\components\register.component.js.map
D:\Project\Angular2MVC\movementcrm\Angular2MVC\app\app.routing.js
D:\Project\Angular2MVC\movementcrm\Angular2MVC\app\app.routing.js.map
D:\Project\Angular2MVC\movementcrm\Angular2MVC\app\app.module.js
D:\Project\Angular2MVC\movementcrm\Angular2MVC\app\app.module.js.map
D:\Project\Angular2MVC\movementcrm\Angular2MVC\app\main.js
D:\Project\Angular2MVC\movementcrm\Angular2MVC\app\main.js.map
D:\Project\Angular2MVC\movementcrm\Angular2MVC\app\app.component.js
D:\Project\Angular2MVC\movementcrm\Angular2MVC\app\app.component.js.map
D:\Project\Angular2MVC\movementcrm\Angular2MVC\app\Service\user.service.js
D:\Project\Angular2MVC\movementcrm\Angular2MVC\app\Service\user.service.js.map
D:\Project\Angular2MVC\movementcrm\Angular2MVC\app\Model\user.js
D:\Project\Angular2MVC\movementcrm\Angular2MVC\app\Model\user.js.map
D:\Project\Angular2MVC\movementcrm\Angular2MVC\app\Shared\enum.js
D:\Project\Angular2MVC\movementcrm\Angular2MVC\app\Shared\enum.js.map
D:\Project\Angular2MVC\movementcrm\Angular2MVC\app\Shared\global.js
D:\Project\Angular2MVC\movementcrm\Angular2MVC\app\Shared\global.js.map
D:\Project\Angular2MVC\movementcrm\Angular2MVC\app\components\user.component.js
D:\Project\Angular2MVC\movementcrm\Angular2MVC\app\components\user.component.js.map
D:\Project\Angular2MVC\movementcrm\Angular2MVC\app\components\home.component.js
D:\Project\Angular2MVC\movementcrm\Angular2MVC\app\components\home.component.js.map
D:\Project\Angular2MVC\movementcrm\Angular2MVC\app\Service\login.service.js
D:\Project\Angular2MVC\movementcrm\Angular2MVC\app\Service\login.service.js.map
D:\Project\Angular2MVC\movementcrm\Angular2MVC\app\components\login.component.js
D:\Project\Angular2MVC\movementcrm\Angular2MVC\app\components\login.component.js.map
D:\Project\Angular2MVC\movementcrm\Angular2MVC\app\Service\register.service.js
D:\Project\Angular2MVC\movementcrm\Angular2MVC\app\Service\register.service.js.map
D:\Project\Angular2MVC\movementcrm\Angular2MVC\app\components\register.component.js
D:\Project\Angular2MVC\movementcrm\Angular2MVC\app\components\register.component.js.map
D:\Project\Angular2MVC\movementcrm\Angular2MVC\app\app.routing.js
D:\Project\Angular2MVC\movementcrm\Angular2MVC\app\app.routing.js.map
D:\Project\Angular2MVC\movementcrm\Angular2MVC\app\app.module.js
D:\Project\Angular2MVC\movementcrm\Angular2MVC\app\app.module.js.map
D:\Project\Angular2MVC\movementcrm\Angular2MVC\app\main.js
D:\Project\Angular2MVC\movementcrm\Angular2MVC\app\main.js.map
D:\Project\Angular2MVC\movementcrm\Angular2MVC\app\app.component.js
D:\Project\Angular2MVC\movementcrm\Angular2MVC\app\app.component.js.map
D:\Project\Angular2MVC\movementcrm\Angular2MVC\app\Service\user.service.js
D:\Project\Angular2MVC\movementcrm\Angular2MVC\app\Service\user.service.js.map
D:\Project\Angular2MVC\movementcrm\Angular2MVC\app\Model\user.js
D:\Project\Angular2MVC\movementcrm\Angular2MVC\app\Model\user.js.map
D:\Project\Angular2MVC\movementcrm\Angular2MVC\app\Shared\enum.js
D:\Project\Angular2MVC\movementcrm\Angular2MVC\app\Shared\enum.js.map
D:\Project\Angular2MVC\movementcrm\Angular2MVC\app\Shared\global.js
D:\Project\Angular2MVC\movementcrm\Angular2MVC\app\Shared\global.js.map
D:\Project\Angular2MVC\movementcrm\Angular2MVC\app\components\user.component.js
D:\Project\Angular2MVC\movementcrm\Angular2MVC\app\components\user.component.js.map
D:\Project\Angular2MVC\movementcrm\Angular2MVC\app\components\home.component.js
D:\Project\Angular2MVC\movementcrm\Angular2MVC\app\components\home.component.js.map
D:\Project\Angular2MVC\movementcrm\Angular2MVC\app\Service\login.service.js
D:\Project\Angular2MVC\movementcrm\Angular2MVC\app\Service\login.service.js.map
D:\Project\Angular2MVC\movementcrm\Angular2MVC\app\components\login.component.js
D:\Project\Angular2MVC\movementcrm\Angular2MVC\app\components\login.component.js.map
D:\Project\Angular2MVC\movementcrm\Angular2MVC\app\Service\register.service.js
D:\Project\Angular2MVC\movementcrm\Angular2MVC\app\Service\register.service.js.map
D:\Project\Angular2MVC\movementcrm\Angular2MVC\app\components\register.component.js
D:\Project\Angular2MVC\movementcrm\Angular2MVC\app\components\register.component.js.map
D:\Project\Angular2MVC\movementcrm\Angular2MVC\app\app.routing.js
D:\Project\Angular2MVC\movementcrm\Angular2MVC\app\app.routing.js.map
D:\Project\Angular2MVC\movementcrm\Angular2MVC\app\app.module.js
D:\Project\Angular2MVC\movementcrm\Angular2MVC\app\app.module.js.map
D:\Project\Angular2MVC\movementcrm\Angular2MVC\app\main.js
D:\Project\Angular2MVC\movementcrm\Angular2MVC\app\main.js.map
D:\Project\Angular2MVC\movementcrm\Angular2MVC\app\app.component.js
D:\Project\Angular2MVC\movementcrm\Angular2MVC\app\app.component.js.map
D:\Project\Angular2MVC\movementcrm\Angular2MVC\app\Service\user.service.js
D:\Project\Angular2MVC\movementcrm\Angular2MVC\app\Service\user.service.js.map
D:\Project\Angular2MVC\movementcrm\Angular2MVC\app\Model\user.js
D:\Project\Angular2MVC\movementcrm\Angular2MVC\app\Model\user.js.map
D:\Project\Angular2MVC\movementcrm\Angular2MVC\app\Shared\enum.js
D:\Project\Angular2MVC\movementcrm\Angular2MVC\app\Shared\enum.js.map
D:\Project\Angular2MVC\movementcrm\Angular2MVC\app\Shared\global.js
D:\Project\Angular2MVC\movementcrm\Angular2MVC\app\Shared\global.js.map
D:\Project\Angular2MVC\movementcrm\Angular2MVC\app\components\user.component.js
D:\Project\Angular2MVC\movementcrm\Angular2MVC\app\components\user.component.js.map
D:\Project\Angular2MVC\movementcrm\Angular2MVC\app\components\home.component.js
D:\Project\Angular2MVC\movementcrm\Angular2MVC\app\components\home.component.js.map
D:\Project\Angular2MVC\movementcrm\Angular2MVC\app\Service\login.service.js
D:\Project\Angular2MVC\movementcrm\Angular2MVC\app\Service\login.service.js.map
D:\Project\Angular2MVC\movementcrm\Angular2MVC\app\components\login.component.js
D:\Project\Angular2MVC\movementcrm\Angular2MVC\app\components\login.component.js.map
D:\Project\Angular2MVC\movementcrm\Angular2MVC\app\Service\register.service.js
D:\Project\Angular2MVC\movementcrm\Angular2MVC\app\Service\register.service.js.map
D:\Project\Angular2MVC\movementcrm\Angular2MVC\app\components\register.component.js
D:\Project\Angular2MVC\movementcrm\Angular2MVC\app\components\register.component.js.map
D:\Project\Angular2MVC\movementcrm\Angular2MVC\app\app.routing.js
D:\Project\Angular2MVC\movementcrm\Angular2MVC\app\app.routing.js.map
D:\Project\Angular2MVC\movementcrm\Angular2MVC\app\app.module.js
D:\Project\Angular2MVC\movementcrm\Angular2MVC\app\app.module.js.map
D:\Project\Angular2MVC\movementcrm\Angular2MVC\app\main.js
D:\Project\Angular2MVC\movementcrm\Angular2MVC\app\main.js.map
D:\Project\Angular2MVC\movementcrm\Angular2MVC\app\app.component.js
D:\Project\Angular2MVC\movementcrm\Angular2MVC\app\app.component.js.map
D:\Project\Angular2MVC\movementcrm\Angular2MVC\app\Service\user.service.js
D:\Project\Angular2MVC\movementcrm\Angular2MVC\app\Service\user.service.js.map
D:\Project\Angular2MVC\movementcrm\Angular2MVC\app\Model\user.js
D:\Project\Angular2MVC\movementcrm\Angular2MVC\app\Model\user.js.map
D:\Project\Angular2MVC\movementcrm\Angular2MVC\app\Shared\enum.js
D:\Project\Angular2MVC\movementcrm\Angular2MVC\app\Shared\enum.js.map
D:\Project\Angular2MVC\movementcrm\Angular2MVC\app\Shared\global.js
D:\Project\Angular2MVC\movementcrm\Angular2MVC\app\Shared\global.js.map
D:\Project\Angular2MVC\movementcrm\Angular2MVC\app\components\user.component.js
D:\Project\Angular2MVC\movementcrm\Angular2MVC\app\components\user.component.js.map
D:\Project\Angular2MVC\movementcrm\Angular2MVC\app\components\home.component.js
D:\Project\Angular2MVC\movementcrm\Angular2MVC\app\components\home.component.js.map
D:\Project\Angular2MVC\movementcrm\Angular2MVC\app\Service\login.service.js
D:\Project\Angular2MVC\movementcrm\Angular2MVC\app\Service\login.service.js.map
D:\Project\Angular2MVC\movementcrm\Angular2MVC\app\components\login.component.js
D:\Project\Angular2MVC\movementcrm\Angular2MVC\app\components\login.component.js.map
D:\Project\Angular2MVC\movementcrm\Angular2MVC\app\Service\register.service.js
D:\Project\Angular2MVC\movementcrm\Angular2MVC\app\Service\register.service.js.map
D:\Project\Angular2MVC\movementcrm\Angular2MVC\app\components\register.component.js
D:\Project\Angular2MVC\movementcrm\Angular2MVC\app\components\register.component.js.map
D:\Project\Angular2MVC\movementcrm\Angular2MVC\app\app.routing.js
D:\Project\Angular2MVC\movementcrm\Angular2MVC\app\app.routing.js.map
D:\Project\Angular2MVC\movementcrm\Angular2MVC\app\app.module.js
D:\Project\Angular2MVC\movementcrm\Angular2MVC\app\app.module.js.map
D:\Project\Angular2MVC\movementcrm\Angular2MVC\app\main.js
D:\Project\Angular2MVC\movementcrm\Angular2MVC\app\main.js.map
D:\Project\Angular2MVC\movementcrm\Angular2MVC\app\app.component.js
D:\Project\Angular2MVC\movementcrm\Angular2MVC\app\app.component.js.map
D:\Project\Angular2MVC\movementcrm\Angular2MVC\app\Service\user.service.js
D:\Project\Angular2MVC\movementcrm\Angular2MVC\app\Service\user.service.js.map
D:\Project\Angular2MVC\movementcrm\Angular2MVC\app\Model\user.js
D:\Project\Angular2MVC\movementcrm\Angular2MVC\app\Model\user.js.map
D:\Project\Angular2MVC\movementcrm\Angular2MVC\app\Shared\enum.js
D:\Project\Angular2MVC\movementcrm\Angular2MVC\app\Shared\enum.js.map
D:\Project\Angular2MVC\movementcrm\Angular2MVC\app\Shared\global.js
D:\Project\Angular2MVC\movementcrm\Angular2MVC\app\Shared\global.js.map
D:\Project\Angular2MVC\movementcrm\Angular2MVC\app\components\user.component.js
D:\Project\Angular2MVC\movementcrm\Angular2MVC\app\components\user.component.js.map
D:\Project\Angular2MVC\movementcrm\Angular2MVC\app\components\home.component.js
D:\Project\Angular2MVC\movementcrm\Angular2MVC\app\components\home.component.js.map
D:\Project\Angular2MVC\movementcrm\Angular2MVC\app\Service\login.service.js
D:\Project\Angular2MVC\movementcrm\Angular2MVC\app\Service\login.service.js.map
D:\Project\Angular2MVC\movementcrm\Angular2MVC\app\components\login.component.js
D:\Project\Angular2MVC\movementcrm\Angular2MVC\app\components\login.component.js.map
D:\Project\Angular2MVC\movementcrm\Angular2MVC\app\Service\register.service.js
D:\Project\Angular2MVC\movementcrm\Angular2MVC\app\Service\register.service.js.map
D:\Project\Angular2MVC\movementcrm\Angular2MVC\app\components\register.component.js
D:\Project\Angular2MVC\movementcrm\Angular2MVC\app\components\register.component.js.map
D:\Project\Angular2MVC\movementcrm\Angular2MVC\app\app.routing.js
D:\Project\Angular2MVC\movementcrm\Angular2MVC\app\app.routing.js.map
D:\Project\Angular2MVC\movementcrm\Angular2MVC\app\app.module.js
D:\Project\Angular2MVC\movementcrm\Angular2MVC\app\app.module.js.map
D:\Project\Angular2MVC\movementcrm\Angular2MVC\app\main.js
D:\Project\Angular2MVC\movementcrm\Angular2MVC\app\main.js.map
D:\Project\Angular2MVC\movementcrm\Angular2MVC\app\app.component.js
D:\Project\Angular2MVC\movementcrm\Angular2MVC\app\app.component.js.map
D:\Project\Angular2MVC\movementcrm\Angular2MVC\app\Service\user.service.js
D:\Project\Angular2MVC\movementcrm\Angular2MVC\app\Service\user.service.js.map
D:\Project\Angular2MVC\movementcrm\Angular2MVC\app\Model\user.js
D:\Project\Angular2MVC\movementcrm\Angular2MVC\app\Model\user.js.map
D:\Project\Angular2MVC\movementcrm\Angular2MVC\app\Shared\enum.js
D:\Project\Angular2MVC\movementcrm\Angular2MVC\app\Shared\enum.js.map
D:\Project\Angular2MVC\movementcrm\Angular2MVC\app\Shared\global.js
D:\Project\Angular2MVC\movementcrm\Angular2MVC\app\Shared\global.js.map
D:\Project\Angular2MVC\movementcrm\Angular2MVC\app\components\user.component.js
D:\Project\Angular2MVC\movementcrm\Angular2MVC\app\components\user.component.js.map
D:\Project\Angular2MVC\movementcrm\Angular2MVC\app\components\home.component.js
D:\Project\Angular2MVC\movementcrm\Angular2MVC\app\components\home.component.js.map
D:\Project\Angular2MVC\movementcrm\Angular2MVC\app\Service\login.service.js
D:\Project\Angular2MVC\movementcrm\Angular2MVC\app\Service\login.service.js.map
D:\Project\Angular2MVC\movementcrm\Angular2MVC\app\components\login.component.js
D:\Project\Angular2MVC\movementcrm\Angular2MVC\app\components\login.component.js.map
D:\Project\Angular2MVC\movementcrm\Angular2MVC\app\Service\register.service.js
D:\Project\Angular2MVC\movementcrm\Angular2MVC\app\Service\register.service.js.map
D:\Project\Angular2MVC\movementcrm\Angular2MVC\app\components\register.component.js
D:\Project\Angular2MVC\movementcrm\Angular2MVC\app\components\register.component.js.map
D:\Project\Angular2MVC\movementcrm\Angular2MVC\app\app.routing.js
D:\Project\Angular2MVC\movementcrm\Angular2MVC\app\app.routing.js.map
D:\Project\Angular2MVC\movementcrm\Angular2MVC\app\app.module.js
D:\Project\Angular2MVC\movementcrm\Angular2MVC\app\app.module.js.map
D:\Project\Angular2MVC\movementcrm\Angular2MVC\app\main.js
D:\Project\Angular2MVC\movementcrm\Angular2MVC\app\main.js.map
D:\Project\Angular2MVC\movementcrm\Angular2MVC\app\app.component.js
D:\Project\Angular2MVC\movementcrm\Angular2MVC\app\app.component.js.map
D:\Project\Angular2MVC\movementcrm\Angular2MVC\app\Service\user.service.js
D:\Project\Angular2MVC\movementcrm\Angular2MVC\app\Service\user.service.js.map
D:\Project\Angular2MVC\movementcrm\Angular2MVC\app\Model\user.js
D:\Project\Angular2MVC\movementcrm\Angular2MVC\app\Model\user.js.map
D:\Project\Angular2MVC\movementcrm\Angular2MVC\app\Shared\enum.js
D:\Project\Angular2MVC\movementcrm\Angular2MVC\app\Shared\enum.js.map
D:\Project\Angular2MVC\movementcrm\Angular2MVC\app\Shared\global.js
D:\Project\Angular2MVC\movementcrm\Angular2MVC\app\Shared\global.js.map
D:\Project\Angular2MVC\movementcrm\Angular2MVC\app\components\user.component.js
D:\Project\Angular2MVC\movementcrm\Angular2MVC\app\components\user.component.js.map
D:\Project\Angular2MVC\movementcrm\Angular2MVC\app\components\home.component.js
D:\Project\Angular2MVC\movementcrm\Angular2MVC\app\components\home.component.js.map
D:\Project\Angular2MVC\movementcrm\Angular2MVC\app\Service\login.service.js
D:\Project\Angular2MVC\movementcrm\Angular2MVC\app\Service\login.service.js.map
D:\Project\Angular2MVC\movementcrm\Angular2MVC\app\components\login.component.js
D:\Project\Angular2MVC\movementcrm\Angular2MVC\app\components\login.component.js.map
D:\Project\Angular2MVC\movementcrm\Angular2MVC\app\Service\register.service.js
D:\Project\Angular2MVC\movementcrm\Angular2MVC\app\Service\register.service.js.map
D:\Project\Angular2MVC\movementcrm\Angular2MVC\app\components\register.component.js
D:\Project\Angular2MVC\movementcrm\Angular2MVC\app\components\register.component.js.map
D:\Project\Angular2MVC\movementcrm\Angular2MVC\app\app.routing.js
D:\Project\Angular2MVC\movementcrm\Angular2MVC\app\app.routing.js.map
D:\Project\Angular2MVC\movementcrm\Angular2MVC\app\app.module.js
D:\Project\Angular2MVC\movementcrm\Angular2MVC\app\app.module.js.map
D:\Project\Angular2MVC\movementcrm\Angular2MVC\app\main.js
D:\Project\Angular2MVC\movementcrm\Angular2MVC\app\main.js.map
D:\Project\Angular2MVC\movementcrm\Angular2MVC\app\app.component.js
D:\Project\Angular2MVC\movementcrm\Angular2MVC\app\app.component.js.map
D:\Project\Angular2MVC\movementcrm\Angular2MVC\app\Service\user.service.js
D:\Project\Angular2MVC\movementcrm\Angular2MVC\app\Service\user.service.js.map
D:\Project\Angular2MVC\movementcrm\Angular2MVC\app\Model\user.js
D:\Project\Angular2MVC\movementcrm\Angular2MVC\app\Model\user.js.map
D:\Project\Angular2MVC\movementcrm\Angular2MVC\app\Shared\enum.js
D:\Project\Angular2MVC\movementcrm\Angular2MVC\app\Shared\enum.js.map
D:\Project\Angular2MVC\movementcrm\Angular2MVC\app\Shared\global.js
D:\Project\Angular2MVC\movementcrm\Angular2MVC\app\Shared\global.js.map
D:\Project\Angular2MVC\movementcrm\Angular2MVC\app\components\user.component.js
D:\Project\Angular2MVC\movementcrm\Angular2MVC\app\components\user.component.js.map
D:\Project\Angular2MVC\movementcrm\Angular2MVC\app\components\home.component.js
D:\Project\Angular2MVC\movementcrm\Angular2MVC\app\components\home.component.js.map
D:\Project\Angular2MVC\movementcrm\Angular2MVC\app\Service\login.service.js
D:\Project\Angular2MVC\movementcrm\Angular2MVC\app\Service\login.service.js.map
D:\Project\Angular2MVC\movementcrm\Angular2MVC\app\components\login.component.js
D:\Project\Angular2MVC\movementcrm\Angular2MVC\app\components\login.component.js.map
D:\Project\Angular2MVC\movementcrm\Angular2MVC\app\Service\register.service.js
D:\Project\Angular2MVC\movementcrm\Angular2MVC\app\Service\register.service.js.map
D:\Project\Angular2MVC\movementcrm\Angular2MVC\app\components\register.component.js
D:\Project\Angular2MVC\movementcrm\Angular2MVC\app\components\register.component.js.map
D:\Project\Angular2MVC\movementcrm\Angular2MVC\app\app.routing.js
D:\Project\Angular2MVC\movementcrm\Angular2MVC\app\app.routing.js.map
D:\Project\Angular2MVC\movementcrm\Angular2MVC\app\app.module.js
D:\Project\Angular2MVC\movementcrm\Angular2MVC\app\app.module.js.map
D:\Project\Angular2MVC\movementcrm\Angular2MVC\app\main.js
D:\Project\Angular2MVC\movementcrm\Angular2MVC\app\main.js.map
D:\Project\Angular2MVC\movementcrm\Angular2MVC\app\app.component.js
D:\Project\Angular2MVC\movementcrm\Angular2MVC\app\app.component.js.map
D:\Project\Angular2MVC\movementcrm\Angular2MVC\app\Service\user.service.js
D:\Project\Angular2MVC\movementcrm\Angular2MVC\app\Service\user.service.js.map
D:\Project\Angular2MVC\movementcrm\Angular2MVC\app\Model\user.js
D:\Project\Angular2MVC\movementcrm\Angular2MVC\app\Model\user.js.map
D:\Project\Angular2MVC\movementcrm\Angular2MVC\app\Shared\enum.js
D:\Project\Angular2MVC\movementcrm\Angular2MVC\app\Shared\enum.js.map
D:\Project\Angular2MVC\movementcrm\Angular2MVC\app\Shared\global.js
D:\Project\Angular2MVC\movementcrm\Angular2MVC\app\Shared\global.js.map
D:\Project\Angular2MVC\movementcrm\Angular2MVC\app\components\user.component.js
D:\Project\Angular2MVC\movementcrm\Angular2MVC\app\components\user.component.js.map
D:\Project\Angular2MVC\movementcrm\Angular2MVC\app\components\home.component.js
D:\Project\Angular2MVC\movementcrm\Angular2MVC\app\components\home.component.js.map
D:\Project\Angular2MVC\movementcrm\Angular2MVC\app\Service\login.service.js
D:\Project\Angular2MVC\movementcrm\Angular2MVC\app\Service\login.service.js.map
D:\Project\Angular2MVC\movementcrm\Angular2MVC\app\components\login.component.js
D:\Project\Angular2MVC\movementcrm\Angular2MVC\app\components\login.component.js.map
D:\Project\Angular2MVC\movementcrm\Angular2MVC\app\Service\register.service.js
D:\Project\Angular2MVC\movementcrm\Angular2MVC\app\Service\register.service.js.map
D:\Project\Angular2MVC\movementcrm\Angular2MVC\app\components\register.component.js
D:\Project\Angular2MVC\movementcrm\Angular2MVC\app\components\register.component.js.map
D:\Project\Angular2MVC\movementcrm\Angular2MVC\app\app.routing.js
D:\Project\Angular2MVC\movementcrm\Angular2MVC\app\app.routing.js.map
D:\Project\Angular2MVC\movementcrm\Angular2MVC\app\app.module.js
D:\Project\Angular2MVC\movementcrm\Angular2MVC\app\app.module.js.map
D:\Project\Angular2MVC\movementcrm\Angular2MVC\app\main.js
D:\Project\Angular2MVC\movementcrm\Angular2MVC\app\main.js.map
D:\Project\Angular2MVC\movementcrm\Angular2MVC\app\app.component.js
D:\Project\Angular2MVC\movementcrm\Angular2MVC\app\app.component.js.map
D:\Project\Angular2MVC\movementcrm\Angular2MVC\app\Service\user.service.js
D:\Project\Angular2MVC\movementcrm\Angular2MVC\app\Service\user.service.js.map
D:\Project\Angular2MVC\movementcrm\Angular2MVC\app\Model\user.js
D:\Project\Angular2MVC\movementcrm\Angular2MVC\app\Model\user.js.map
D:\Project\Angular2MVC\movementcrm\Angular2MVC\app\Shared\enum.js
D:\Project\Angular2MVC\movementcrm\Angular2MVC\app\Shared\enum.js.map
D:\Project\Angular2MVC\movementcrm\Angular2MVC\app\Shared\global.js
D:\Project\Angular2MVC\movementcrm\Angular2MVC\app\Shared\global.js.map
D:\Project\Angular2MVC\movementcrm\Angular2MVC\app\components\user.component.js
D:\Project\Angular2MVC\movementcrm\Angular2MVC\app\components\user.component.js.map
D:\Project\Angular2MVC\movementcrm\Angular2MVC\app\components\home.component.js
D:\Project\Angular2MVC\movementcrm\Angular2MVC\app\components\home.component.js.map
D:\Project\Angular2MVC\movementcrm\Angular2MVC\app\Service\login.service.js
D:\Project\Angular2MVC\movementcrm\Angular2MVC\app\Service\login.service.js.map
D:\Project\Angular2MVC\movementcrm\Angular2MVC\app\components\login.component.js
D:\Project\Angular2MVC\movementcrm\Angular2MVC\app\components\login.component.js.map
D:\Project\Angular2MVC\movementcrm\Angular2MVC\app\Service\register.service.js
D:\Project\Angular2MVC\movementcrm\Angular2MVC\app\Service\register.service.js.map
D:\Project\Angular2MVC\movementcrm\Angular2MVC\app\components\register.component.js
D:\Project\Angular2MVC\movementcrm\Angular2MVC\app\components\register.component.js.map
D:\Project\Angular2MVC\movementcrm\Angular2MVC\app\app.routing.js
D:\Project\Angular2MVC\movementcrm\Angular2MVC\app\app.routing.js.map
D:\Project\Angular2MVC\movementcrm\Angular2MVC\app\app.module.js
D:\Project\Angular2MVC\movementcrm\Angular2MVC\app\app.module.js.map
D:\Project\Angular2MVC\movementcrm\Angular2MVC\app\main.js
D:\Project\Angular2MVC\movementcrm\Angular2MVC\app\main.js.map
D:\Project\Angular2MVC\movementcrm\Angular2MVC\app\app.component.js
D:\Project\Angular2MVC\movementcrm\Angular2MVC\app\app.component.js.map
D:\Project\Angular2MVC\movementcrm\Angular2MVC\app\Service\user.service.js
D:\Project\Angular2MVC\movementcrm\Angular2MVC\app\Service\user.service.js.map
D:\Project\Angular2MVC\movementcrm\Angular2MVC\app\Model\user.js
D:\Project\Angular2MVC\movementcrm\Angular2MVC\app\Model\user.js.map
D:\Project\Angular2MVC\movementcrm\Angular2MVC\app\Shared\enum.js
D:\Project\Angular2MVC\movementcrm\Angular2MVC\app\Shared\enum.js.map
D:\Project\Angular2MVC\movementcrm\Angular2MVC\app\Shared\global.js
D:\Project\Angular2MVC\movementcrm\Angular2MVC\app\Shared\global.js.map
D:\Project\Angular2MVC\movementcrm\Angular2MVC\app\components\user.component.js
D:\Project\Angular2MVC\movementcrm\Angular2MVC\app\components\user.component.js.map
D:\Project\Angular2MVC\movementcrm\Angular2MVC\app\components\home.component.js
D:\Project\Angular2MVC\movementcrm\Angular2MVC\app\components\home.component.js.map
D:\Project\Angular2MVC\movementcrm\Angular2MVC\app\Service\login.service.js
D:\Project\Angular2MVC\movementcrm\Angular2MVC\app\Service\login.service.js.map
D:\Project\Angular2MVC\movementcrm\Angular2MVC\app\components\login.component.js
D:\Project\Angular2MVC\movementcrm\Angular2MVC\app\components\login.component.js.map
D:\Project\Angular2MVC\movementcrm\Angular2MVC\app\Service\register.service.js
D:\Project\Angular2MVC\movementcrm\Angular2MVC\app\Service\register.service.js.map
D:\Project\Angular2MVC\movementcrm\Angular2MVC\app\components\register.component.js
D:\Project\Angular2MVC\movementcrm\Angular2MVC\app\components\register.component.js.map
D:\Project\Angular2MVC\movementcrm\Angular2MVC\app\app.routing.js
D:\Project\Angular2MVC\movementcrm\Angular2MVC\app\app.routing.js.map
D:\Project\Angular2MVC\movementcrm\Angular2MVC\app\app.module.js
D:\Project\Angular2MVC\movementcrm\Angular2MVC\app\app.module.js.map
D:\Project\Angular2MVC\movementcrm\Angular2MVC\app\main.js
D:\Project\Angular2MVC\movementcrm\Angular2MVC\app\main.js.map
D:\Project\Angular2MVC\movementcrm\Angular2MVC\app\app.component.js
D:\Project\Angular2MVC\movementcrm\Angular2MVC\app\app.component.js.map
D:\Project\Angular2MVC\movementcrm\Angular2MVC\app\Service\user.service.js
D:\Project\Angular2MVC\movementcrm\Angular2MVC\app\Service\user.service.js.map
D:\Project\Angular2MVC\movementcrm\Angular2MVC\app\Model\user.js
D:\Project\Angular2MVC\movementcrm\Angular2MVC\app\Model\user.js.map
D:\Project\Angular2MVC\movementcrm\Angular2MVC\app\Shared\enum.js
D:\Project\Angular2MVC\movementcrm\Angular2MVC\app\Shared\enum.js.map
D:\Project\Angular2MVC\movementcrm\Angular2MVC\app\Shared\global.js
D:\Project\Angular2MVC\movementcrm\Angular2MVC\app\Shared\global.js.map
D:\Project\Angular2MVC\movementcrm\Angular2MVC\app\components\user.component.js
D:\Project\Angular2MVC\movementcrm\Angular2MVC\app\components\user.component.js.map
D:\Project\Angular2MVC\movementcrm\Angular2MVC\app\components\home.component.js
D:\Project\Angular2MVC\movementcrm\Angular2MVC\app\components\home.component.js.map
D:\Project\Angular2MVC\movementcrm\Angular2MVC\app\Service\login.service.js
D:\Project\Angular2MVC\movementcrm\Angular2MVC\app\Service\login.service.js.map
D:\Project\Angular2MVC\movementcrm\Angular2MVC\app\components\login.component.js
D:\Project\Angular2MVC\movementcrm\Angular2MVC\app\components\login.component.js.map
D:\Project\Angular2MVC\movementcrm\Angular2MVC\app\Service\register.service.js
D:\Project\Angular2MVC\movementcrm\Angular2MVC\app\Service\register.service.js.map
D:\Project\Angular2MVC\movementcrm\Angular2MVC\app\components\register.component.js
D:\Project\Angular2MVC\movementcrm\Angular2MVC\app\components\register.component.js.map
D:\Project\Angular2MVC\movementcrm\Angular2MVC\app\app.routing.js
D:\Project\Angular2MVC\movementcrm\Angular2MVC\app\app.routing.js.map
D:\Project\Angular2MVC\movementcrm\Angular2MVC\app\app.module.js
D:\Project\Angular2MVC\movementcrm\Angular2MVC\app\app.module.js.map
D:\Project\Angular2MVC\movementcrm\Angular2MVC\app\main.js
D:\Project\Angular2MVC\movementcrm\Angular2MVC\app\main.js.map
D:\Project\Angular2MVC\movementcrm\Angular2MVC\app\app.component.js
D:\Project\Angular2MVC\movementcrm\Angular2MVC\app\app.component.js.map
D:\Project\Angular2MVC\movementcrm\Angular2MVC\app\Service\user.service.js
D:\Project\Angular2MVC\movementcrm\Angular2MVC\app\Service\user.service.js.map
D:\Project\Angular2MVC\movementcrm\Angular2MVC\app\Model\user.js
D:\Project\Angular2MVC\movementcrm\Angular2MVC\app\Model\user.js.map
D:\Project\Angular2MVC\movementcrm\Angular2MVC\app\Shared\enum.js
D:\Project\Angular2MVC\movementcrm\Angular2MVC\app\Shared\enum.js.map
D:\Project\Angular2MVC\movementcrm\Angular2MVC\app\Shared\global.js
D:\Project\Angular2MVC\movementcrm\Angular2MVC\app\Shared\global.js.map
D:\Project\Angular2MVC\movementcrm\Angular2MVC\app\components\user.component.js
D:\Project\Angular2MVC\movementcrm\Angular2MVC\app\components\user.component.js.map
D:\Project\Angular2MVC\movementcrm\Angular2MVC\app\components\home.component.js
D:\Project\Angular2MVC\movementcrm\Angular2MVC\app\components\home.component.js.map
D:\Project\Angular2MVC\movementcrm\Angular2MVC\app\Service\login.service.js
D:\Project\Angular2MVC\movementcrm\Angular2MVC\app\Service\login.service.js.map
D:\Project\Angular2MVC\movementcrm\Angular2MVC\app\components\login.component.js
D:\Project\Angular2MVC\movementcrm\Angular2MVC\app\components\login.component.js.map
D:\Project\Angular2MVC\movementcrm\Angular2MVC\app\Service\register.service.js
D:\Project\Angular2MVC\movementcrm\Angular2MVC\app\Service\register.service.js.map
D:\Project\Angular2MVC\movementcrm\Angular2MVC\app\components\register.component.js
D:\Project\Angular2MVC\movementcrm\Angular2MVC\app\components\register.component.js.map
D:\Project\Angular2MVC\movementcrm\Angular2MVC\app\app.routing.js
D:\Project\Angular2MVC\movementcrm\Angular2MVC\app\app.routing.js.map
D:\Project\Angular2MVC\movementcrm\Angular2MVC\app\app.module.js
D:\Project\Angular2MVC\movementcrm\Angular2MVC\app\app.module.js.map
D:\Project\Angular2MVC\movementcrm\Angular2MVC\app\main.js
D:\Project\Angular2MVC\movementcrm\Angular2MVC\app\main.js.map
D:\Project\Angular2MVC\movementcrm\Angular2MVC\app\app.component.js
D:\Project\Angular2MVC\movementcrm\Angular2MVC\app\app.component.js.map
D:\Project\Angular2MVC\movementcrm\Angular2MVC\app\Service\user.service.js
D:\Project\Angular2MVC\movementcrm\Angular2MVC\app\Service\user.service.js.map
D:\Project\Angular2MVC\movementcrm\Angular2MVC\app\Model\user.js
D:\Project\Angular2MVC\movementcrm\Angular2MVC\app\Model\user.js.map
D:\Project\Angular2MVC\movementcrm\Angular2MVC\app\Shared\enum.js
D:\Project\Angular2MVC\movementcrm\Angular2MVC\app\Shared\enum.js.map
D:\Project\Angular2MVC\movementcrm\Angular2MVC\app\Shared\global.js
D:\Project\Angular2MVC\movementcrm\Angular2MVC\app\Shared\global.js.map
D:\Project\Angular2MVC\movementcrm\Angular2MVC\app\components\user.component.js
D:\Project\Angular2MVC\movementcrm\Angular2MVC\app\components\user.component.js.map
D:\Project\Angular2MVC\movementcrm\Angular2MVC\app\components\home.component.js
D:\Project\Angular2MVC\movementcrm\Angular2MVC\app\components\home.component.js.map
D:\Project\Angular2MVC\movementcrm\Angular2MVC\app\Service\login.service.js
D:\Project\Angular2MVC\movementcrm\Angular2MVC\app\Service\login.service.js.map
D:\Project\Angular2MVC\movementcrm\Angular2MVC\app\components\login.component.js
D:\Project\Angular2MVC\movementcrm\Angular2MVC\app\components\login.component.js.map
D:\Project\Angular2MVC\movementcrm\Angular2MVC\app\Service\register.service.js
D:\Project\Angular2MVC\movementcrm\Angular2MVC\app\Service\register.service.js.map
D:\Project\Angular2MVC\movementcrm\Angular2MVC\app\components\register.component.js
D:\Project\Angular2MVC\movementcrm\Angular2MVC\app\components\register.component.js.map
D:\Project\Angular2MVC\movementcrm\Angular2MVC\app\app.routing.js
D:\Project\Angular2MVC\movementcrm\Angular2MVC\app\app.routing.js.map
D:\Project\Angular2MVC\movementcrm\Angular2MVC\app\app.module.js
D:\Project\Angular2MVC\movementcrm\Angular2MVC\app\app.module.js.map
D:\Project\Angular2MVC\movementcrm\Angular2MVC\app\main.js
D:\Project\Angular2MVC\movementcrm\Angular2MVC\app\main.js.map
D:\Project\Angular2MVC\movementcrm\Angular2MVC\app\app.component.js
D:\Project\Angular2MVC\movementcrm\Angular2MVC\app\app.component.js.map
D:\Project\Angular2MVC\movementcrm\Angular2MVC\app\Service\user.service.js
D:\Project\Angular2MVC\movementcrm\Angular2MVC\app\Service\user.service.js.map
D:\Project\Angular2MVC\movementcrm\Angular2MVC\app\Model\user.js
D:\Project\Angular2MVC\movementcrm\Angular2MVC\app\Model\user.js.map
D:\Project\Angular2MVC\movementcrm\Angular2MVC\app\Shared\enum.js
D:\Project\Angular2MVC\movementcrm\Angular2MVC\app\Shared\enum.js.map
D:\Project\Angular2MVC\movementcrm\Angular2MVC\app\Shared\global.js
D:\Project\Angular2MVC\movementcrm\Angular2MVC\app\Shared\global.js.map
D:\Project\Angular2MVC\movementcrm\Angular2MVC\app\components\user.component.js
D:\Project\Angular2MVC\movementcrm\Angular2MVC\app\components\user.component.js.map
D:\Project\Angular2MVC\movementcrm\Angular2MVC\app\components\home.component.js
D:\Project\Angular2MVC\movementcrm\Angular2MVC\app\components\home.component.js.map
D:\Project\Angular2MVC\movementcrm\Angular2MVC\app\Service\login.service.js
D:\Project\Angular2MVC\movementcrm\Angular2MVC\app\Service\login.service.js.map
D:\Project\Angular2MVC\movementcrm\Angular2MVC\app\components\login.component.js
D:\Project\Angular2MVC\movementcrm\Angular2MVC\app\components\login.component.js.map
D:\Project\Angular2MVC\movementcrm\Angular2MVC\app\Service\register.service.js
D:\Project\Angular2MVC\movementcrm\Angular2MVC\app\Service\register.service.js.map
D:\Project\Angular2MVC\movementcrm\Angular2MVC\app\components\register.component.js
D:\Project\Angular2MVC\movementcrm\Angular2MVC\app\components\register.component.js.map
D:\Project\Angular2MVC\movementcrm\Angular2MVC\app\app.routing.js
D:\Project\Angular2MVC\movementcrm\Angular2MVC\app\app.routing.js.map
D:\Project\Angular2MVC\movementcrm\Angular2MVC\app\app.module.js
D:\Project\Angular2MVC\movementcrm\Angular2MVC\app\app.module.js.map
D:\Project\Angular2MVC\movementcrm\Angular2MVC\app\main.js
D:\Project\Angular2MVC\movementcrm\Angular2MVC\app\main.js.map
D:\Project\Angular2MVC\movementcrm\Angular2MVC\app\app.component.js
D:\Project\Angular2MVC\movementcrm\Angular2MVC\app\app.component.js.map
D:\Project\Angular2MVC\movementcrm\Angular2MVC\app\Service\user.service.js
D:\Project\Angular2MVC\movementcrm\Angular2MVC\app\Service\user.service.js.map
D:\Project\Angular2MVC\movementcrm\Angular2MVC\app\Model\user.js
D:\Project\Angular2MVC\movementcrm\Angular2MVC\app\Model\user.js.map
D:\Project\Angular2MVC\movementcrm\Angular2MVC\app\Shared\enum.js
D:\Project\Angular2MVC\movementcrm\Angular2MVC\app\Shared\enum.js.map
D:\Project\Angular2MVC\movementcrm\Angular2MVC\app\Shared\global.js
D:\Project\Angular2MVC\movementcrm\Angular2MVC\app\Shared\global.js.map
D:\Project\Angular2MVC\movementcrm\Angular2MVC\app\components\user.component.js
D:\Project\Angular2MVC\movementcrm\Angular2MVC\app\components\user.component.js.map
D:\Project\Angular2MVC\movementcrm\Angular2MVC\app\components\home.component.js
D:\Project\Angular2MVC\movementcrm\Angular2MVC\app\components\home.component.js.map
D:\Project\Angular2MVC\movementcrm\Angular2MVC\app\Service\login.service.js
D:\Project\Angular2MVC\movementcrm\Angular2MVC\app\Service\login.service.js.map
D:\Project\Angular2MVC\movementcrm\Angular2MVC\app\components\login.component.js
D:\Project\Angular2MVC\movementcrm\Angular2MVC\app\components\login.component.js.map
D:\Project\Angular2MVC\movementcrm\Angular2MVC\app\Service\register.service.js
D:\Project\Angular2MVC\movementcrm\Angular2MVC\app\Service\register.service.js.map
D:\Project\Angular2MVC\movementcrm\Angular2MVC\app\components\register.component.js
D:\Project\Angular2MVC\movementcrm\Angular2MVC\app\components\register.component.js.map
D:\Project\Angular2MVC\movementcrm\Angular2MVC\app\app.routing.js
D:\Project\Angular2MVC\movementcrm\Angular2MVC\app\app.routing.js.map
D:\Project\Angular2MVC\movementcrm\Angular2MVC\app\app.module.js
D:\Project\Angular2MVC\movementcrm\Angular2MVC\app\app.module.js.map
D:\Project\Angular2MVC\movementcrm\Angular2MVC\app\main.js
D:\Project\Angular2MVC\movementcrm\Angular2MVC\app\main.js.map
D:\Project\Angular2MVC\movementcrm\Angular2MVC\app\app.component.js
D:\Project\Angular2MVC\movementcrm\Angular2MVC\app\app.component.js.map
D:\Project\Angular2MVC\movementcrm\Angular2MVC\app\Service\user.service.js
D:\Project\Angular2MVC\movementcrm\Angular2MVC\app\Service\user.service.js.map
D:\Project\Angular2MVC\movementcrm\Angular2MVC\app\Model\user.js
D:\Project\Angular2MVC\movementcrm\Angular2MVC\app\Model\user.js.map
D:\Project\Angular2MVC\movementcrm\Angular2MVC\app\Shared\enum.js
D:\Project\Angular2MVC\movementcrm\Angular2MVC\app\Shared\enum.js.map
D:\Project\Angular2MVC\movementcrm\Angular2MVC\app\Shared\global.js
D:\Project\Angular2MVC\movementcrm\Angular2MVC\app\Shared\global.js.map
D:\Project\Angular2MVC\movementcrm\Angular2MVC\app\components\user.component.js
D:\Project\Angular2MVC\movementcrm\Angular2MVC\app\components\user.component.js.map
D:\Project\Angular2MVC\movementcrm\Angular2MVC\app\components\home.component.js
D:\Project\Angular2MVC\movementcrm\Angular2MVC\app\components\home.component.js.map
D:\Project\Angular2MVC\movementcrm\Angular2MVC\app\Service\login.service.js
D:\Project\Angular2MVC\movementcrm\Angular2MVC\app\Service\login.service.js.map
D:\Project\Angular2MVC\movementcrm\Angular2MVC\app\components\login.component.js
D:\Project\Angular2MVC\movementcrm\Angular2MVC\app\components\login.component.js.map
D:\Project\Angular2MVC\movementcrm\Angular2MVC\app\Service\register.service.js
D:\Project\Angular2MVC\movementcrm\Angular2MVC\app\Service\register.service.js.map
D:\Project\Angular2MVC\movementcrm\Angular2MVC\app\components\register.component.js
D:\Project\Angular2MVC\movementcrm\Angular2MVC\app\components\register.component.js.map
D:\Project\Angular2MVC\movementcrm\Angular2MVC\app\app.routing.js
D:\Project\Angular2MVC\movementcrm\Angular2MVC\app\app.routing.js.map
D:\Project\Angular2MVC\movementcrm\Angular2MVC\app\app.module.js
D:\Project\Angular2MVC\movementcrm\Angular2MVC\app\app.module.js.map
D:\Project\Angular2MVC\movementcrm\Angular2MVC\app\main.js
D:\Project\Angular2MVC\movementcrm\Angular2MVC\app\main.js.map
D:\Project\Angular2MVC\movementcrm\Angular2MVC\app\app.component.js
D:\Project\Angular2MVC\movementcrm\Angular2MVC\app\app.component.js.map
D:\Project\Angular2MVC\movementcrm\Angular2MVC\app\Service\user.service.js
D:\Project\Angular2MVC\movementcrm\Angular2MVC\app\Service\user.service.js.map
D:\Project\Angular2MVC\movementcrm\Angular2MVC\app\Model\user.js
D:\Project\Angular2MVC\movementcrm\Angular2MVC\app\Model\user.js.map
D:\Project\Angular2MVC\movementcrm\Angular2MVC\app\Shared\enum.js
D:\Project\Angular2MVC\movementcrm\Angular2MVC\app\Shared\enum.js.map
D:\Project\Angular2MVC\movementcrm\Angular2MVC\app\Shared\global.js
D:\Project\Angular2MVC\movementcrm\Angular2MVC\app\Shared\global.js.map
D:\Project\Angular2MVC\movementcrm\Angular2MVC\app\components\user.component.js
D:\Project\Angular2MVC\movementcrm\Angular2MVC\app\components\user.component.js.map
D:\Project\Angular2MVC\movementcrm\Angular2MVC\app\components\home.component.js
D:\Project\Angular2MVC\movementcrm\Angular2MVC\app\components\home.component.js.map
D:\Project\Angular2MVC\movementcrm\Angular2MVC\app\Service\login.service.js
D:\Project\Angular2MVC\movementcrm\Angular2MVC\app\Service\login.service.js.map
D:\Project\Angular2MVC\movementcrm\Angular2MVC\app\components\login.component.js
D:\Project\Angular2MVC\movementcrm\Angular2MVC\app\components\login.component.js.map
D:\Project\Angular2MVC\movementcrm\Angular2MVC\app\Service\register.service.js
D:\Project\Angular2MVC\movementcrm\Angular2MVC\app\Service\register.service.js.map
D:\Project\Angular2MVC\movementcrm\Angular2MVC\app\components\register.component.js
D:\Project\Angular2MVC\movementcrm\Angular2MVC\app\components\register.component.js.map
D:\Project\Angular2MVC\movementcrm\Angular2MVC\app\app.routing.js
D:\Project\Angular2MVC\movementcrm\Angular2MVC\app\app.routing.js.map
D:\Project\Angular2MVC\movementcrm\Angular2MVC\app\app.module.js
D:\Project\Angular2MVC\movementcrm\Angular2MVC\app\app.module.js.map
D:\Project\Angular2MVC\movementcrm\Angular2MVC\app\main.js
D:\Project\Angular2MVC\movementcrm\Angular2MVC\app\main.js.map
D:\Project\Angular2MVC\movementcrm\Angular2MVC\app\app.component.js
D:\Project\Angular2MVC\movementcrm\Angular2MVC\app\app.component.js.map
D:\Project\Angular2MVC\movementcrm\Angular2MVC\app\Service\user.service.js
D:\Project\Angular2MVC\movementcrm\Angular2MVC\app\Service\user.service.js.map
D:\Project\Angular2MVC\movementcrm\Angular2MVC\app\Model\user.js
D:\Project\Angular2MVC\movementcrm\Angular2MVC\app\Model\user.js.map
D:\Project\Angular2MVC\movementcrm\Angular2MVC\app\Shared\enum.js
D:\Project\Angular2MVC\movementcrm\Angular2MVC\app\Shared\enum.js.map
D:\Project\Angular2MVC\movementcrm\Angular2MVC\app\Shared\global.js
D:\Project\Angular2MVC\movementcrm\Angular2MVC\app\Shared\global.js.map
D:\Project\Angular2MVC\movementcrm\Angular2MVC\app\components\user.component.js
D:\Project\Angular2MVC\movementcrm\Angular2MVC\app\components\user.component.js.map
D:\Project\Angular2MVC\movementcrm\Angular2MVC\app\components\home.component.js
D:\Project\Angular2MVC\movementcrm\Angular2MVC\app\components\home.component.js.map
D:\Project\Angular2MVC\movementcrm\Angular2MVC\app\Service\login.service.js
D:\Project\Angular2MVC\movementcrm\Angular2MVC\app\Service\login.service.js.map
D:\Project\Angular2MVC\movementcrm\Angular2MVC\app\components\login.component.js
D:\Project\Angular2MVC\movementcrm\Angular2MVC\app\components\login.component.js.map
D:\Project\Angular2MVC\movementcrm\Angular2MVC\app\Service\register.service.js
D:\Project\Angular2MVC\movementcrm\Angular2MVC\app\Service\register.service.js.map
D:\Project\Angular2MVC\movementcrm\Angular2MVC\app\components\register.component.js
D:\Project\Angular2MVC\movementcrm\Angular2MVC\app\components\register.component.js.map
D:\Project\Angular2MVC\movementcrm\Angular2MVC\app\app.routing.js
D:\Project\Angular2MVC\movementcrm\Angular2MVC\app\app.routing.js.map
D:\Project\Angular2MVC\movementcrm\Angular2MVC\app\app.module.js
D:\Project\Angular2MVC\movementcrm\Angular2MVC\app\app.module.js.map
D:\Project\Angular2MVC\movementcrm\Angular2MVC\app\main.js
D:\Project\Angular2MVC\movementcrm\Angular2MVC\app\main.js.map
D:\Project\Angular2MVC\movementcrm\Angular2MVC\app\app.component.js
D:\Project\Angular2MVC\movementcrm\Angular2MVC\app\app.component.js.map
D:\Project\Angular2MVC\movementcrm\Angular2MVC\app\Service\user.service.js
D:\Project\Angular2MVC\movementcrm\Angular2MVC\app\Service\user.service.js.map
D:\Project\Angular2MVC\movementcrm\Angular2MVC\app\Model\user.js
D:\Project\Angular2MVC\movementcrm\Angular2MVC\app\Model\user.js.map
D:\Project\Angular2MVC\movementcrm\Angular2MVC\app\Shared\enum.js
D:\Project\Angular2MVC\movementcrm\Angular2MVC\app\Shared\enum.js.map
D:\Project\Angular2MVC\movementcrm\Angular2MVC\app\Shared\global.js
D:\Project\Angular2MVC\movementcrm\Angular2MVC\app\Shared\global.js.map
D:\Project\Angular2MVC\movementcrm\Angular2MVC\app\components\user.component.js
D:\Project\Angular2MVC\movementcrm\Angular2MVC\app\components\user.component.js.map
D:\Project\Angular2MVC\movementcrm\Angular2MVC\app\components\home.component.js
D:\Project\Angular2MVC\movementcrm\Angular2MVC\app\components\home.component.js.map
D:\Project\Angular2MVC\movementcrm\Angular2MVC\app\Service\login.service.js
D:\Project\Angular2MVC\movementcrm\Angular2MVC\app\Service\login.service.js.map
D:\Project\Angular2MVC\movementcrm\Angular2MVC\app\components\login.component.js
D:\Project\Angular2MVC\movementcrm\Angular2MVC\app\components\login.component.js.map
D:\Project\Angular2MVC\movementcrm\Angular2MVC\app\Service\register.service.js
D:\Project\Angular2MVC\movementcrm\Angular2MVC\app\Service\register.service.js.map
D:\Project\Angular2MVC\movementcrm\Angular2MVC\app\components\register.component.js
D:\Project\Angular2MVC\movementcrm\Angular2MVC\app\components\register.component.js.map
D:\Project\Angular2MVC\movementcrm\Angular2MVC\app\app.routing.js
D:\Project\Angular2MVC\movementcrm\Angular2MVC\app\app.routing.js.map
D:\Project\Angular2MVC\movementcrm\Angular2MVC\app\app.module.js
D:\Project\Angular2MVC\movementcrm\Angular2MVC\app\app.module.js.map
D:\Project\Angular2MVC\movementcrm\Angular2MVC\app\main.js
D:\Project\Angular2MVC\movementcrm\Angular2MVC\app\main.js.map
D:\Project\Angular2MVC\movementcrm\Angular2MVC\app\app.component.js
D:\Project\Angular2MVC\movementcrm\Angular2MVC\app\app.component.js.map
D:\Project\Angular2MVC\movementcrm\Angular2MVC\app\Service\user.service.js
D:\Project\Angular2MVC\movementcrm\Angular2MVC\app\Service\user.service.js.map
D:\Project\Angular2MVC\movementcrm\Angular2MVC\app\Model\user.js
D:\Project\Angular2MVC\movementcrm\Angular2MVC\app\Model\user.js.map
D:\Project\Angular2MVC\movementcrm\Angular2MVC\app\Shared\enum.js
D:\Project\Angular2MVC\movementcrm\Angular2MVC\app\Shared\enum.js.map
D:\Project\Angular2MVC\movementcrm\Angular2MVC\app\Shared\global.js
D:\Project\Angular2MVC\movementcrm\Angular2MVC\app\Shared\global.js.map
D:\Project\Angular2MVC\movementcrm\Angular2MVC\app\components\user.component.js
D:\Project\Angular2MVC\movementcrm\Angular2MVC\app\components\user.component.js.map
D:\Project\Angular2MVC\movementcrm\Angular2MVC\app\components\home.component.js
D:\Project\Angular2MVC\movementcrm\Angular2MVC\app\components\home.component.js.map
D:\Project\Angular2MVC\movementcrm\Angular2MVC\app\Service\login.service.js
D:\Project\Angular2MVC\movementcrm\Angular2MVC\app\Service\login.service.js.map
D:\Project\Angular2MVC\movementcrm\Angular2MVC\app\components\login.component.js
D:\Project\Angular2MVC\movementcrm\Angular2MVC\app\components\login.component.js.map
D:\Project\Angular2MVC\movementcrm\Angular2MVC\app\Service\register.service.js
D:\Project\Angular2MVC\movementcrm\Angular2MVC\app\Service\register.service.js.map
D:\Project\Angular2MVC\movementcrm\Angular2MVC\app\components\register.component.js
D:\Project\Angular2MVC\movementcrm\Angular2MVC\app\components\register.component.js.map
D:\Project\Angular2MVC\movementcrm\Angular2MVC\app\app.routing.js
D:\Project\Angular2MVC\movementcrm\Angular2MVC\app\app.routing.js.map
D:\Project\Angular2MVC\movementcrm\Angular2MVC\app\app.module.js
D:\Project\Angular2MVC\movementcrm\Angular2MVC\app\app.module.js.map
D:\Project\Angular2MVC\movementcrm\Angular2MVC\app\main.js
D:\Project\Angular2MVC\movementcrm\Angular2MVC\app\main.js.map
D:\Project\Angular2MVC\movementcrm\Angular2MVC\app\app.component.js
D:\Project\Angular2MVC\movementcrm\Angular2MVC\app\app.component.js.map
D:\Project\Angular2MVC\movementcrm\Angular2MVC\app\Service\user.service.js
D:\Project\Angular2MVC\movementcrm\Angular2MVC\app\Service\user.service.js.map
D:\Project\Angular2MVC\movementcrm\Angular2MVC\app\Model\user.js
D:\Project\Angular2MVC\movementcrm\Angular2MVC\app\Model\user.js.map
D:\Project\Angular2MVC\movementcrm\Angular2MVC\app\Shared\enum.js
D:\Project\Angular2MVC\movementcrm\Angular2MVC\app\Shared\enum.js.map
D:\Project\Angular2MVC\movementcrm\Angular2MVC\app\Shared\global.js
D:\Project\Angular2MVC\movementcrm\Angular2MVC\app\Shared\global.js.map
D:\Project\Angular2MVC\movementcrm\Angular2MVC\app\components\user.component.js
D:\Project\Angular2MVC\movementcrm\Angular2MVC\app\components\user.component.js.map
D:\Project\Angular2MVC\movementcrm\Angular2MVC\app\components\home.component.js
D:\Project\Angular2MVC\movementcrm\Angular2MVC\app\components\home.component.js.map
D:\Project\Angular2MVC\movementcrm\Angular2MVC\app\Service\login.service.js
D:\Project\Angular2MVC\movementcrm\Angular2MVC\app\Service\login.service.js.map
D:\Project\Angular2MVC\movementcrm\Angular2MVC\app\components\login.component.js
D:\Project\Angular2MVC\movementcrm\Angular2MVC\app\components\login.component.js.map
D:\Project\Angular2MVC\movementcrm\Angular2MVC\app\Service\register.service.js
D:\Project\Angular2MVC\movementcrm\Angular2MVC\app\Service\register.service.js.map
D:\Project\Angular2MVC\movementcrm\Angular2MVC\app\components\register.component.js
D:\Project\Angular2MVC\movementcrm\Angular2MVC\app\components\register.component.js.map
D:\Project\Angular2MVC\movementcrm\Angular2MVC\app\app.routing.js
D:\Project\Angular2MVC\movementcrm\Angular2MVC\app\app.routing.js.map
D:\Project\Angular2MVC\movementcrm\Angular2MVC\app\app.module.js
D:\Project\Angular2MVC\movementcrm\Angular2MVC\app\app.module.js.map
D:\Project\Angular2MVC\movementcrm\Angular2MVC\app\main.js
D:\Project\Angular2MVC\movementcrm\Angular2MVC\app\main.js.map
D:\Project\Angular2MVC\movementcrm\Angular2MVC\app\app.component.js
D:\Project\Angular2MVC\movementcrm\Angular2MVC\app\app.component.js.map
D:\Project\Angular2MVC\movementcrm\Angular2MVC\app\Service\user.service.js
D:\Project\Angular2MVC\movementcrm\Angular2MVC\app\Service\user.service.js.map
D:\Project\Angular2MVC\movementcrm\Angular2MVC\app\Model\user.js
D:\Project\Angular2MVC\movementcrm\Angular2MVC\app\Model\user.js.map
D:\Project\Angular2MVC\movementcrm\Angular2MVC\app\Shared\enum.js
D:\Project\Angular2MVC\movementcrm\Angular2MVC\app\Shared\enum.js.map
D:\Project\Angular2MVC\movementcrm\Angular2MVC\app\Shared\global.js
D:\Project\Angular2MVC\movementcrm\Angular2MVC\app\Shared\global.js.map
D:\Project\Angular2MVC\movementcrm\Angular2MVC\app\components\user.component.js
D:\Project\Angular2MVC\movementcrm\Angular2MVC\app\components\user.component.js.map
D:\Project\Angular2MVC\movementcrm\Angular2MVC\app\components\home.component.js
D:\Project\Angular2MVC\movementcrm\Angular2MVC\app\components\home.component.js.map
D:\Project\Angular2MVC\movementcrm\Angular2MVC\app\Service\login.service.js
D:\Project\Angular2MVC\movementcrm\Angular2MVC\app\Service\login.service.js.map
D:\Project\Angular2MVC\movementcrm\Angular2MVC\app\components\login.component.js
D:\Project\Angular2MVC\movementcrm\Angular2MVC\app\components\login.component.js.map
D:\Project\Angular2MVC\movementcrm\Angular2MVC\app\Service\register.service.js
D:\Project\Angular2MVC\movementcrm\Angular2MVC\app\Service\register.service.js.map
D:\Project\Angular2MVC\movementcrm\Angular2MVC\app\components\register.component.js
D:\Project\Angular2MVC\movementcrm\Angular2MVC\app\components\register.component.js.map
D:\Project\Angular2MVC\movementcrm\Angular2MVC\app\app.routing.js
D:\Project\Angular2MVC\movementcrm\Angular2MVC\app\app.routing.js.map
D:\Project\Angular2MVC\movementcrm\Angular2MVC\app\app.module.js
D:\Project\Angular2MVC\movementcrm\Angular2MVC\app\app.module.js.map
D:\Project\Angular2MVC\movementcrm\Angular2MVC\app\main.js
D:\Project\Angular2MVC\movementcrm\Angular2MVC\app\main.js.map
D:\Project\Angular2MVC\movementcrm\Angular2MVC\app\app.component.js
D:\Project\Angular2MVC\movementcrm\Angular2MVC\app\app.component.js.map
D:\Project\Angular2MVC\movementcrm\Angular2MVC\app\Service\user.service.js
D:\Project\Angular2MVC\movementcrm\Angular2MVC\app\Service\user.service.js.map
D:\Project\Angular2MVC\movementcrm\Angular2MVC\app\Model\user.js
D:\Project\Angular2MVC\movementcrm\Angular2MVC\app\Model\user.js.map
D:\Project\Angular2MVC\movementcrm\Angular2MVC\app\Shared\enum.js
D:\Project\Angular2MVC\movementcrm\Angular2MVC\app\Shared\enum.js.map
D:\Project\Angular2MVC\movementcrm\Angular2MVC\app\Shared\global.js
D:\Project\Angular2MVC\movementcrm\Angular2MVC\app\Shared\global.js.map
D:\Project\Angular2MVC\movementcrm\Angular2MVC\app\components\user.component.js
D:\Project\Angular2MVC\movementcrm\Angular2MVC\app\components\user.component.js.map
D:\Project\Angular2MVC\movementcrm\Angular2MVC\app\components\home.component.js
D:\Project\Angular2MVC\movementcrm\Angular2MVC\app\components\home.component.js.map
D:\Project\Angular2MVC\movementcrm\Angular2MVC\app\Service\login.service.js
D:\Project\Angular2MVC\movementcrm\Angular2MVC\app\Service\login.service.js.map
D:\Project\Angular2MVC\movementcrm\Angular2MVC\app\components\login.component.js
D:\Project\Angular2MVC\movementcrm\Angular2MVC\app\components\login.component.js.map
D:\Project\Angular2MVC\movementcrm\Angular2MVC\app\Service\register.service.js
D:\Project\Angular2MVC\movementcrm\Angular2MVC\app\Service\register.service.js.map
D:\Project\Angular2MVC\movementcrm\Angular2MVC\app\components\register.component.js
D:\Project\Angular2MVC\movementcrm\Angular2MVC\app\components\register.component.js.map
D:\Project\Angular2MVC\movementcrm\Angular2MVC\app\app.routing.js
D:\Project\Angular2MVC\movementcrm\Angular2MVC\app\app.routing.js.map
D:\Project\Angular2MVC\movementcrm\Angular2MVC\app\app.module.js
D:\Project\Angular2MVC\movementcrm\Angular2MVC\app\app.module.js.map
D:\Project\Angular2MVC\movementcrm\Angular2MVC\app\main.js
D:\Project\Angular2MVC\movementcrm\Angular2MVC\app\main.js.map
D:\Project\Angular2MVC\movementcrm\Angular2MVC\app\app.component.js
D:\Project\Angular2MVC\movementcrm\Angular2MVC\app\app.component.js.map
D:\Project\Angular2MVC\movementcrm\Angular2MVC\app\Service\user.service.js
D:\Project\Angular2MVC\movementcrm\Angular2MVC\app\Service\user.service.js.map
D:\Project\Angular2MVC\movementcrm\Angular2MVC\app\Model\user.js
D:\Project\Angular2MVC\movementcrm\Angular2MVC\app\Model\user.js.map
D:\Project\Angular2MVC\movementcrm\Angular2MVC\app\Shared\enum.js
D:\Project\Angular2MVC\movementcrm\Angular2MVC\app\Shared\enum.js.map
D:\Project\Angular2MVC\movementcrm\Angular2MVC\app\Shared\global.js
D:\Project\Angular2MVC\movementcrm\Angular2MVC\app\Shared\global.js.map
D:\Project\Angular2MVC\movementcrm\Angular2MVC\app\components\user.component.js
D:\Project\Angular2MVC\movementcrm\Angular2MVC\app\components\user.component.js.map
D:\Project\Angular2MVC\movementcrm\Angular2MVC\app\components\home.component.js
D:\Project\Angular2MVC\movementcrm\Angular2MVC\app\components\home.component.js.map
D:\Project\Angular2MVC\movementcrm\Angular2MVC\app\Service\login.service.js
D:\Project\Angular2MVC\movementcrm\Angular2MVC\app\Service\login.service.js.map
D:\Project\Angular2MVC\movementcrm\Angular2MVC\app\components\login.component.js
D:\Project\Angular2MVC\movementcrm\Angular2MVC\app\components\login.component.js.map
D:\Project\Angular2MVC\movementcrm\Angular2MVC\app\Service\register.service.js
D:\Project\Angular2MVC\movementcrm\Angular2MVC\app\Service\register.service.js.map
D:\Project\Angular2MVC\movementcrm\Angular2MVC\app\components\register.component.js
D:\Project\Angular2MVC\movementcrm\Angular2MVC\app\components\register.component.js.map
D:\Project\Angular2MVC\movementcrm\Angular2MVC\app\app.routing.js
D:\Project\Angular2MVC\movementcrm\Angular2MVC\app\app.routing.js.map
D:\Project\Angular2MVC\movementcrm\Angular2MVC\app\app.module.js
D:\Project\Angular2MVC\movementcrm\Angular2MVC\app\app.module.js.map
D:\Project\Angular2MVC\movementcrm\Angular2MVC\app\main.js
D:\Project\Angular2MVC\movementcrm\Angular2MVC\app\main.js.map
